Windows Dam Analysis Program                    Execution Date-09/27/2019
 Program Date-01/01/2009             Version Date-2008.01.01            Time-13:26:06

 Listing of Input Data-          Example 14                                        
 WINDAM    01/01/2009Example 14                                                  
 OPTION    SIMPLE    EARTH               INTERNAL                                
 *         WinDAM C Example 13 - Proposed Dam  07/25/2017                        
 *         Internal Erosion Analysis                                             
 *           Int Erosion Conduit elevation 590.0'                                
 *           Conduit size: 0.5 ft x 0.5 ft                                       
 *           Kd @ med erosion rate: 0.50 ft/hr/psf                               
 *           Critical shear: 0.0080 psf                                          
 *           Hanson/Robinson method                                              
 *         Std single stage riser, 36" conduit                                   
 *         1 x 100' wide auxilary spillway - structural, rating                  
 *         Dam Base:     580.0'                                                  
 *         IE Conduit:     590.0'                                                
 *         PS crest:        604.0'                                               
 *         Start Routing:   604.1'                                               
 *         AS1 crest:       609.0' structural (rating tbl)                       
 *         AS1 bottom width:100'                                                 
 *         Dam crest:       614.0' raised                                        
 *         Dam face Maintenance Code - 2 (minor discontinuities)                 
 *         Aux Spwy Maintenance Code - 2 (minor discontinuities)                 
 *         24-hr FBH Inflow peak: 20,000 cfs @ 13.4 hr                           
 *         Dam embankment not overtopped                                         
 *         Aux Spwy 1 is structural, has rating tbl                              
 *                       no erosion estimated                                    
 *         End of my input comments-----------------                             
 IEMODEL   2         110       0.50      400       0.0080                        
 HYD       FBH        .162     0         0V                                      
           0         0                                                           
           0.162     2.05                                                        
           0.324     4.27                                                        
           0.486     7.94                                                        
           0.648     13.49                                                       
           0.81      21.25                                                       
           0.972     31.43                                                       
           1.134     44.09                                                       
           1.296     59.2                                                        
           1.458     76.67                                                       
           1.62      96.3                                                        
           1.782     117.91                                                      
           1.944     141.29                                                      
           2.106     166.19                                                      
           2.268     192.41                                                      
           2.43      219.81                                                      
           2.592     248.29                                                      
           2.754     277.79                                                      
           2.916     308.26                                                      
           3.078     339.64                                                      
           3.24      371.89                                                      
           3.402     404.96                                                      
           3.564     438.77                                                      
           3.726     473.28                                                      
           3.888     508.43                                                      
           4.05      544.15                                                      
           4.212     580.38                                                      
           4.374     617.06                                                      
           4.536     654.15                                                      
           4.698     691.6                                                       
           4.86      729.37                                                      
           5.022     767.42                                                      
           5.184     805.71                                                      
           5.346     844.21                                                      
           5.508     883.01                                                      
           5.67      922.4                                                       
           5.832     962.86                                                      
           5.994     1005.06                                                     
           6.156     1049.89                                                     
           6.318     1098.5                                                      
           6.48      1151.9                                                      
           6.642     1210.65                                                     
           6.804     1274.77                                                     
           6.966     1343.9                                                      
           7.128     1417.62                                                     
           7.29      1495.44                                                     
           7.452     1577.05                                                     
           7.614     1662.99                                                     
           7.776     1754.86                                                     
           7.938     1854.94                                                     
           8.1       1966.14                                                     
           8.262     2091.9                                                      
           8.424     2236.09                                                     
           8.586     2404.24                                                     
           8.748     2603.67                                                     
           8.91      2852.99                                                     
           9.072     3236.61                                                     
           9.234     3969.87                                                     
           9.396     5171.58                                                     
           9.558000006780.08                                                     
           9.720000008811.47                                                     
           9.8820000011291.61                                                    
           10.044    14009.39                                                    
           10.206    16477.03                                                    
           10.368    18343.15                                                    
           10.53     19510                                                       
           10.692    20008.95                                                    
           10.854    19962.27                                                    
           11.016    19374.39                                                    
           11.178    18418.29                                                    
           11.34     17208.44                                                    
           11.502    15720.4                                                     
           11.664    14046.82                                                    
           11.826    12475.51                                                    
           11.988    11164.77                                                    
           12.15     10045.39                                                    
           12.312    9072.22                                                     
           12.474    8237.55                                                     
           12.636    7498.24                                                     
           12.798    6822.66                                                     
           12.96     6226.47                                                     
           13.122    5713.4                                                      
           13.284    5259.68                                                     
           13.446    4856                                                        
           13.608    4497.88                                                     
           13.77     4180.52                                                     
           13.932    3893.07                                                     
           14.094    3639.11                                                     
           14.256    3414.2                                                      
           14.418    3212.11                                                     
           14.58     3032.03                                                     
           14.742    2871.29                                                     
           14.904    2725.09                                                     
           15.066    2593.97                                                     
           15.228    2475.93                                                     
           15.39     2371.16                                                     
           15.552    2276.01                                                     
           15.714    2188.82                                                     
           15.876    2112.57                                                     
           16.038    2043.22                                                     
           16.2      1977.17                                                     
           16.362    1913.76                                                     
           16.524    1852.44                                                     
           16.686    1792.93                                                     
           16.848    1735.03                                                     
           17.01     1678.94                                                     
           17.172    1626.62                                                     
           17.334    1581.9                                                      
           17.496    1541.52                                                     
           17.658    1502.55                                                     
           17.82     1464.85                                                     
           17.982    1428.33                                                     
           18.144    1393.15                                                     
           18.306    1359.58                                                     
           18.468    1327.9                                                      
           18.63     1298.33                                                     
           18.792    1270.99                                                     
           18.954    1245.91                                                     
           19.116    1223.06                                                     
           19.278    1202.33                                                     
           19.44     1183.55                                                     
           19.602    1166.55                                                     
           19.764    1151.13                                                     
           19.926    1137.04                                                     
           20.088    1124.05                                                     
           20.25     1112                                                        
           20.412    1100.72                                                     
           20.574    1090.1                                                      
           20.736    1080.04                                                     
           20.898    1070.47                                                     
           21.06     1061.31                                                     
           21.222    1052.49                                                     
           21.384    1043.21                                                     
           21.546    1031.07                                                     
           21.708    1013.69                                                     
           21.87     989.43                                                      
           22.032    955.92                                                      
           22.194    910.62                                                      
           22.356    852.94                                                      
           22.518    785.59                                                      
           22.68     712.19                                                      
           22.842    636.31                                                      
           23.004    560.79                                                      
           23.166    487.79                                                      
           23.328    419.84                                                      
           23.49     357.61                                                      
           23.652    302.02                                                      
           23.814    254.45                                                      
           23.976    215.27                                                      
           24.138    182.74                                                      
           24.3      155.18                                                      
           24.462    131.84                                                      
           24.624    111.96                                                      
           24.786    94.88                                                       
           24.948    80.31                                                       
           25.11     68.04                                                       
           25.272    57.64                                                       
           25.434    48.75                                                       
           25.596    41.2                                                        
           25.758    34.79                                                       
           25.92     29.35                                                       
           26.082    24.72                                                       
           26.244    20.84                                                       
           26.406    20.03                                                       
           26.568    20.03                                                       
           26.73     20.03                                                       
           26.892    20.03                                                       
           27.054    20.03                                                       
           27.216    20.03                                                       
           27.378    20.03                                                       
           27.54     20.03                                                       
           27.702    20.03                                                       
           27.864    20.03                                                       
           28.026    20.03                                                       
           28.188    20.03                                                       
           28.35     20.03                                                       
           28.512    20.03                                                       
           28.674    20.03                                                       
           28.836    20.03                                                       
           28.998    20.03                                                       
           29.16     20.03                                                       
           29.322    20.03                                                       
           29.484    20.03                                                       
           29.646    20.03                                                       
           29.808    20.03                                                       
 ENDTABLE                                                                        
 CRESTPRFL                                                                       
           0         614                                                         
           550       614.5                                                       
           1200      614.2                                                       
 ENDTABLE                                                                        
 STROUTE   604.1     580       ELEV                                              
 STRUCTURE SR1                                                                   
                     591                 250       76.6                          
                     593                           106.9                         
                     595                           142.8                         
                     597                           180.6                         
                     601                           262.7                         
                     605                           360.3                         
                     609                           456.9                         
                     613                           557.7                         
                     615                           607.7                         
 ENDTABLE                                                                        
 UPSTREAM  2.5       5.6                                                         
 DAMCREST  14        5.6                                                         
 DWNSTREAM 2.5       5.6       .8        2         5         .01                 
 CONDUIT   0.5       0.5       590       550                                     
 PSpINLET  0.7       18        604                                               
 PSpDATA   1    250  36                  .013      590       582.5     SC        
 PSpCOEFFS 0.6                                     3.1       6                   
 TAILWATER                                                                       
           581       0                                                           
           590       1000                                                        
           600       5000                                                        
           610       20000                                                       
 ENDTABLE                                                                        
 ASRATING  1Struct   0                                                           
           609       0                                                           
           610       310                                                         
           611       880                                                         
           612       1610                                                        
           613       2480                                                        
           614       3450                                                        
           615       4550                                                        
 ENDTABLE                                                                        
 OUTPUT    ALL                                                                   
 ENDRUN                                                                          

     ^^^^^ Warning -- More than 10% of dam height eroded in a single time step.
                      A smaller time increment may want to be considered.



     ^^^^^ Warning: Entered stage-storage table is not sufficient for the requested run.
                      Volume set to zero at dam base and linear interpolation used.

----------------------------------------------------------------------------------------
Windows Dam Analysis Program     Execution Date - 09/27/2019
Program Date - 01/01/2009        Version Number - 2008.01.01      Time - 13:26:06
Input File - C:\workshop\14-IE-medKd050.D2D                                                                                                                                                                                                                                  
----------------------------------------------------------------------------------------
********** Elevation Summary 1 *********************************************************
Dam Base Elevation:                             580.00 feet
Max Tailwater Elevation:                        602.16 feet
Prin Spwy Crest Elevation:                      604.00 feet
Start Routing Elevation:                        604.10 feet
Aux Spwy # 1 Crest Elevation:                   609.00 feet
Aux Spwy # 2 Crest Elevation:                     none
Aux Spwy # 3 Crest Elevation:                     none
Max Pool Elevation:                             606.55 feet
Initial Low Point in Dam Crest:                 614.00 feet
Ending Low Point in Dam Crest:                  614.00 feet
****************************************************************************************


********** Flow Summary 2 **************************************************************
Peak Inflow:                                  20008.95 cfs @     10.692 hours
Peak Outflow:                                  8243.60 cfs @     13.446 hours
Max Flow Principal Spwy:                         65.45 cfs @     12.150 hours
Max Flow Aux Spwy # 1:                            0.00 cfs @      0.000 hours
Max Flow Aux Spwy # 2:                            none
Max Flow Aux Spwy # 3:                            none
Maximum flow over top of dam:                     0.00 cfs @      0.000 hours
Duration of dam overtopping:                                      0.000 hours
Max unit discharge, low point or breach:        327.58 cfs/ft
Maximum internal erosion conduit flow:         8183.82 cfs
****************************************************************************************


********** Spillways Summary 3 *********************************************************
Principal Spillway Type:                    Single Stage Inlet, Circular Conduit    
Principal Spillway Crest Elev:                  604.00 feet
Prin. Spw. Weir Length:                          18.00 feet
Conduit Diameter:                                36.00 inches
Conduit Manning's n value:                       0.013
----------------------------------------------------------------------------------------
Aux Spwy #1 Label:                             Struct
Aux Spwy #1 Crest Elev:                         609.00 feet
Aux Spwy #1 Bottom Width:                         0.00 feet
Aux Spwy #1 Max Flow:                             0.00 cfs @      0.000 hours
Aux Spwy #1 Max Hp:                               0.00 feet
Aux Spwy #1 Erosion Analysis:                         none
----------------------------------------------------------------------------------------
Aux Spwy #2 Label:                                    none
Aux Spwy #2 Crest Elev:                               none
Aux Spwy #2 Bottom Width:                             none
Aux Spwy #2 Max Flow:                                 none
Aux Spwy #2 Max Hp:                                   none
Aux Spwy #2 Erosion Analysis:                         none
----------------------------------------------------------------------------------------
Aux Spwy #3 Label:                                    none
Aux Spwy #3 Crest Elev:                               none
Aux Spwy #3 Bottom Width:                             none
Aux Spwy #3 Max Flow:                                 none
Aux Spwy #3 Max Hp:                                   none
Aux Spwy #3 Erosion Analysis:                         none
****************************************************************************************


********** Overtopping Summary Table 4 *************************************************


     <<<<<<  Overtopping did not occur for this embankment.               >>>>>>


****************************************************************************************


********** Internal Erosion Summary Table 5 ********************************************
Dam Breach Analysis type:                                       Internal Erosion
Initial Conduit Elevation:                                590.00 feet
Initial Conduit Station:                                  550.00 feet
Initial Conduit Width:                                      0.50 feet
Initial Conduit Height:                                     0.50 feet
Max. Interal Erosion conduit flow:                        8183.82 cfs @     13.608 hours
Initial Low Point in Dam Crest Profile:                   614.00 feet
Maximum Pool Elevation:                                   606.55 feet @     12.474 hours
Ending Low Point in Dam Crest Profile:                    614.00 feet @      0.000 hours
****************************************************************************************


********** Drawdown Summary Table 6 ****************************************************


     <<<<<<  Drawdown calculation was not an option for this embankment.  >>>>>>


****************************************************************************************


No stress occurred on embankment face.



                                                   Hydrograph ID=FBH       

                                                      Hydrograph Routing
                     Principal Auxiliary Auxiliary Auxiliary            Internal           Reservoir
                     Spillway     Struct                       OverTop   Erosion     Total   Surface Tailwater
      Time    Inflow    Outflow   Outflow   Outflow   Outflow   Outflow   Outflow   Outflow Elevation Elevation
     (hrs)     (cfs)     (cfs)     (cfs)     (cfs)     (cfs)     (cfs)     (cfs)     (cfs)    (feet)    (feet)
     0.000      0.00      1.76      0.00                          0.00      1.45      3.22    604.10    581.03           @
     0.081      1.02      1.76      0.00                          0.00      1.97      3.73    604.10    581.03           @
     0.162      2.05      1.76      0.00                          0.00      2.66      4.42    604.10    581.04           @
     0.243      3.16      1.76      0.00                          0.00      3.58      5.34    604.10    581.05           @
     0.324      4.27      1.75      0.00                          0.00      4.81      6.57    604.10    581.06           @
     0.405      6.11      1.75      0.00                          0.00      6.44      8.19    604.10    581.07           @
     0.486      7.94      1.75      0.00                          0.00      8.57     10.32    604.10    581.09           @
     0.567     10.71      1.75      0.00                          0.00     11.36     13.11    604.10    581.12           @
     0.648     13.49      1.74      0.00                          0.00     14.98     16.72    604.10    581.15           @
     0.729     17.37      1.74      0.00                          0.00     19.63     21.37    604.10    581.19           @
     0.810     21.25      1.74      0.00                          0.00     25.56     27.30    604.10    581.25           @
     0.891     26.34      1.74      0.00                          0.00     33.05     34.79    604.10    581.31           @
     0.972     31.43      1.73      0.00                          0.00     42.42     44.15    604.10    581.40           @
     1.053     37.76      1.72      0.00                          0.00     54.01     55.73    604.10    581.50           @
     1.134     44.09      1.71      0.00                          0.00     68.19     69.89    604.10    581.63           @
     1.215     51.65      1.69      0.00                          0.00     85.34     87.03    604.10    581.78           @
     1.296     59.20      1.67      0.00                          0.00    105.84    107.51    604.10    581.97           @
     1.377     67.94      1.64      0.00                          0.00    130.07    131.72    604.10    582.19           @
     1.458     76.67      1.61      0.00                          0.00    158.38    159.98    604.09    582.44           @
     1.539     86.48      1.56      0.00                          0.00    191.05    192.61    604.09    582.73           @
     1.620     96.30      1.50      0.00                          0.00    228.36    229.85    604.09    583.07           @
     1.701    107.11      1.42      0.00                          0.00    270.48    271.90    604.09    583.45           @
     1.782    117.91      1.34      0.00                          0.00    317.54    318.88    604.08    583.87           @
     1.863    129.60      1.23      0.00                          0.00    369.60    370.83    604.08    584.34           @
     1.944    141.29      1.11      0.00                          0.00    426.64    427.75    604.07    584.85           @
     2.025    153.74      0.97      0.00                          0.00    488.59    489.56    604.07    585.41           @
     2.106    166.19      0.82      0.00                          0.00    555.30    556.11    604.06    586.01           @
     2.187    179.30      0.65      0.00                          0.00    626.56    627.21    604.05    586.64           @
     2.268    192.41      0.48      0.00                          0.00    702.15    702.63    604.04    587.32           @
     2.349    206.11      0.31      0.00                          0.00    781.76    782.07    604.03    588.04           @
     2.430    219.81      0.15      0.00                          0.00    865.09    865.24    604.02    588.79            
     2.592    248.29      0.00      0.00                          0.00   1041.84   1041.84    603.99    590.10            
     2.754    277.79      0.00      0.00                          0.00   1229.45   1229.45    603.96    590.57            
     2.916    308.26      0.00      0.00                          0.00   1424.84   1424.84    603.91    591.06            
     3.078    339.64      0.00      0.00                          0.00   1624.89   1624.89    603.87    591.56            
     3.240    371.89      0.00      0.00                          0.00   1826.63   1826.63    603.81    592.07            
     3.402    404.96      0.00      0.00                          0.00   2027.21   2027.21    603.75    592.57            
     3.564    438.77      0.00      0.00                          0.00   2224.09   2224.09    603.68    593.06            
     3.726    473.28      0.00      0.00                          0.00   2414.90   2414.90    603.60    593.54            
     3.888    508.43      0.00      0.00                          0.00   2609.14   2609.14    603.52    594.02            
     4.050    544.15      0.00      0.00                          0.00   2731.07   2731.07    603.43    594.33            
     4.212    580.38      0.00      0.00                          0.00   2858.54   2858.54    603.34    594.65            
     4.374    617.06      0.00      0.00                          0.00   2990.83   2990.83    603.24    594.98            
     4.536    654.15      0.00      0.00                          0.00   3126.65   3126.65    603.14    595.32            
     4.698    691.60      0.00      0.00                          0.00   3249.94   3249.94    603.03    595.62            
     4.860    729.37      0.00      0.00                          0.00   3345.48   3345.48    602.92    595.86            
     5.022    767.42      0.00      0.00                          0.00   3286.45   3286.45    602.81    595.72            
     5.184    805.71      0.00      0.00                          0.00   3575.96   3575.96    602.69    596.08            
     5.346    844.21      0.00      0.00                          0.00   3517.29   3517.29    602.57    596.29            
     5.508    883.01      0.00      0.00                          0.00   3620.11   3620.11    602.45    596.55            
     5.670    922.40      0.00      0.00                          0.00   3709.35   3709.35    602.32    596.77            
     5.832    962.86      0.00      0.00                          0.00   3786.00   3786.00    602.20    596.97            
     5.994   1005.06      0.00      0.00                          0.00   3851.35   3851.35    602.07    597.13            
     6.156   1049.89      0.00      0.00                          0.00   3906.62   3906.62    601.93    597.27            
     6.318   1098.50      0.00      0.00                          0.00   3952.58   3952.58    601.80    597.38            
     6.480   1151.90      0.00      0.00                          0.00   3990.79   3990.79    601.66    597.48            
     6.642   1210.65      0.00      0.00                          0.00   4100.24   4100.24    601.53    597.56            
     6.804   1274.77      0.00      0.00                          0.00   4026.36   4026.36    601.39    597.57            
     6.966   1343.90      0.00      0.00                          0.00   4014.20   4014.20    601.25    597.67            
     7.128   1417.62      0.00      0.00                          0.00   4081.12   4081.12    601.12    597.70            
     7.290   1495.44      0.00      0.00                          0.00   4039.00   4039.00    600.99    597.59            
     7.452   1577.05      0.00      0.00                          0.00   4043.34   4043.34    600.86    597.61            
     7.614   1662.99      0.00      0.00                          0.00   4054.74   4054.74    600.73    597.62            
     7.776   1754.86      0.00      0.00                          0.00   4049.20   4049.20    600.61    597.63            
     7.938   1854.94      0.00      0.00                          0.00   4046.44   4046.44    600.49    597.61            
     8.100   1966.14      0.00      0.00                          0.00   4029.19   4029.19    600.38    597.58            
     8.262   2091.90      0.00      0.00                          0.00   4017.55   4017.55    600.27    597.55            
     8.424   2236.09      0.00      0.00                          0.00   4013.26   4013.26    600.17    597.52            
     8.586   2404.24      0.00      0.00                          0.00   4000.17   4000.17    600.08    597.50            
     8.748   2603.67      0.00      0.00                          0.00   3997.79   3997.79    600.00    597.48            
     8.910   2852.99      0.00      0.00                          0.00   3989.19   3989.19    599.93    597.47            
     9.072   3236.61      0.00      0.00                          0.00   3991.92   3991.92    599.87    597.48            
     9.234   3969.87      0.00      0.00                          0.00   4004.08   4004.08    599.85    597.50            
     9.396   5171.58      0.00      0.00                          0.00   4024.49   4024.49    599.88    597.56            
     9.558   6780.08      0.00      0.00                          0.00   4075.93   4075.93    599.99    597.70            
     9.720   8811.47      0.00      0.00                          0.00   4160.79   4160.79    600.19    597.90            
     9.882  11291.61      0.00      0.00                          0.00   4230.39   4230.39    600.50    598.21            
    10.044  14009.39      0.00      0.00                          0.00   4406.88   4406.88    600.94    598.52            
    10.206  16477.03      0.00      0.00                          0.00   4572.11   4572.11    601.48    598.93            
    10.368  18343.15      0.00      0.00                          0.00   4757.23   4757.23    602.08    599.39            
    10.530  19510.00      0.00      0.00                          0.00   4951.43   4951.43    602.72    599.88            
    10.692  20008.95      0.00      0.00                          0.00   5288.22   5288.22    603.34    600.19            
    10.854  19962.27      0.00      0.00                          0.00   5657.08   5657.08    603.94    600.44            
    11.016  19374.39     18.64      0.00                          0.00   5995.55   6014.19    604.48    600.68            
    11.178  18418.29     52.72      0.00                          0.00   6302.29   6355.01    604.96    600.90            
    11.340  17208.44     62.60      0.00                          0.00   6590.06   6652.66    605.38    601.10            
    11.502  15720.40     63.84      0.00                          0.00   6852.48   6916.32    605.73    601.28            
    11.664  14046.82     64.71      0.00                          0.00   7084.93   7149.64    606.00    601.43            
    11.826  12475.51     65.22      0.00                          0.00   7287.54   7352.76    606.21    601.57            
    11.988  11164.77     65.44      0.00                          0.00   7462.76   7528.21    606.36    601.69            
    12.150  10045.39     65.45      0.00                          0.00   7615.52   7680.97    606.46    601.79            
    12.312   9072.22     65.26      0.00                          0.00   7748.01   7813.28    606.52    601.87            
    12.474   8237.55     64.92      0.00                          0.00   7860.01   7924.93    606.55    601.95            
    12.636   7498.24     64.45      0.00                          0.00   7954.75   8019.20    606.54    602.01            
    12.798   6822.66     63.87      0.00                          0.00   8032.40   8096.27    606.51    602.06            
    12.960   6226.47     63.19      0.00                          0.00   8092.55   8155.74    606.46    602.10            
    13.122   5713.40     62.43      0.00                          0.00   8138.01   8200.44    606.39    602.13            
    13.284   5259.68     61.60      0.00                          0.00   8167.02   8228.62    606.29    602.15            
    13.446   4856.00     60.71      0.00                          0.00   8182.89   8243.60    606.18    602.16            
    13.608   4497.88     59.77      0.00                          0.00   8183.82   8243.59    606.06    602.16            
    13.770   4180.52     58.79      0.00                          0.00   8172.22   8231.00    605.92    602.15            
    13.932   3893.07     57.77      0.00                          0.00   8148.15   8205.91    605.78    602.14            
    14.094   3639.11     56.71      0.00                          0.00   8111.34   8168.05    605.62    602.11            
    14.256   3414.20     55.63      0.00                          0.00   8063.01   8118.64    605.46    602.08            
    14.418   3212.11     54.52      0.00                          0.00   8003.30   8057.82    605.28    602.04            
    14.580   3032.03     53.39      0.00                          0.00   7933.50   7986.89    605.10    601.99            
    14.742   2871.29     48.97      0.00                          0.00   7855.63   7904.60    604.92    601.94            
    14.904   2725.09     34.55      0.00                          0.00   7773.37   7807.92    604.73    601.87            
    15.066   2593.97     21.63      0.00                          0.00   7706.71   7728.35    604.53    601.81            
    15.228   2475.93     10.77      0.00                          0.00   7567.24   7578.01    604.33    601.72            
    15.390   2371.16      2.77      0.00                          0.00   7412.09   7414.86    604.14    601.62            
    15.552   2276.01      0.00      0.00                          0.00   7275.82   7275.82    603.94    601.52            
    15.714   2188.82      0.00      0.00                          0.00   7119.12   7119.12    603.74    601.41            
    15.876   2112.57      0.00      0.00                          0.00   6981.59   6981.59    603.53    601.31            
    16.038   2043.22      0.00      0.00                          0.00   6824.66   6824.66    603.33    601.21            
    16.200   1977.17      0.00      0.00                          0.00   6649.16   6649.16    603.13    601.10            
    16.362   1913.76      0.00      0.00                          0.00   6493.63   6493.63    602.94    601.00            
    16.524   1852.44      0.00      0.00                          0.00   6338.96   6338.96    602.74    600.89            
    16.686   1792.93      0.00      0.00                          0.00   6166.84   6166.84    602.54    600.78            
    16.848   1735.03      0.00      0.00                          0.00   6014.70   6014.70    602.35    600.67            
    17.010   1678.94      0.00      0.00                          0.00   5845.77   5845.77    602.16    600.56            
    17.172   1626.62      0.00      0.00                          0.00   5678.84   5678.84    601.97    600.45            
    17.334   1581.90      0.00      0.00                          0.00   5514.11   5514.11    601.78    600.34            
    17.496   1541.52      0.00      0.00                          0.00   5334.20   5334.20    601.59    600.23            
    17.658   1502.55      0.00      0.00                          0.00   5192.23   5192.23    601.41    600.12            
    17.820   1464.85      0.00      0.00                          0.00   5017.55   5017.55    601.23    600.01            
    17.982   1428.33      0.00      0.00                          0.00   4948.31   4948.31    601.05    599.86            
    18.144   1393.15      0.00      0.00                          0.00   4878.73   4878.73    600.87    599.70            
    18.306   1359.58      0.00      0.00                          0.00   4809.14   4809.14    600.69    599.53            
    18.468   1327.90      0.00      0.00                          0.00   4755.96   4755.96    600.51    599.37            
    18.630   1298.33      0.00      0.00                          0.00   4685.94   4685.94    600.33    599.21            
    18.792   1270.99      0.00      0.00                          0.00   4615.98   4615.98    600.15    599.04            
    18.954   1245.91      0.00      0.00                          0.00   4546.06   4546.06    599.97    598.87            
    19.116   1223.06      0.00      0.00                          0.00   4476.28   4476.28    599.78    598.70            
    19.278   1202.33      0.00      0.00                          0.00   4406.89   4406.89    599.60    598.54            
    19.440   1183.55      0.00      0.00                          0.00   4337.55   4337.55    599.42    598.37            
    19.602   1166.55      0.00      0.00                          0.00   4283.92   4283.92    599.23    598.21            
    19.764   1151.13      0.00      0.00                          0.00   4214.99   4214.99    599.05    598.04            
    19.926   1137.04      0.00      0.00                          0.00   4146.43   4146.43    598.86    597.87            
    20.088   1124.05      0.00      0.00                          0.00   4078.13   4078.13    598.68    597.70            
    20.250   1112.00      0.00      0.00                          0.00   4024.84   4024.84    598.50    597.53            
    20.412   1100.72      0.00      0.00                          0.00   3957.11   3957.11    598.31    597.36            
    20.574   1090.10      0.00      0.00                          0.00   3875.88   3875.88    598.13    597.20            
    20.736   1080.04      0.00      0.00                          0.00   3809.41   3809.41    597.94    597.03            
    20.898   1070.47      0.00      0.00                          0.00   3757.19   3757.19    597.76    596.86            
    21.060   1061.31      0.00      0.00                          0.00   3678.04   3678.04    597.58    596.70            
    21.222   1052.49      0.00      0.00                          0.00   3613.26   3613.26    597.40    596.53            
    21.384   1043.21      0.00      0.00                          0.00   3548.98   3548.98    597.22    596.37            
    21.546   1031.07      0.00      0.00                          0.00   3472.21   3472.21    597.03    596.20            
    21.708   1013.69      0.00      0.00                          0.00   3409.25   3409.25    596.85    596.04            
    21.870    989.43      0.00      0.00                          0.00   3346.64   3346.64    596.67    595.87            
    22.032    955.92      0.00      0.00                          0.00   3284.20   3284.20    596.49    595.71            
    22.194    910.62      0.00      0.00                          0.00   3221.65   3221.65    596.31    595.54            
    22.356    852.94      0.00      0.00                          0.00   3158.66   3158.66    596.12    595.37            
    22.518    785.59      0.00      0.00                          0.00   3083.31   3083.31    595.93    595.20            
    22.680    712.19      0.00      0.00                          0.00   3007.68   3007.68    595.74    595.02            
    22.842    636.31      0.00      0.00                          0.00   2931.65   2931.65    595.54    594.84            
    23.004    560.79      0.00      0.00                          0.00   2866.40   2866.40    595.34    594.66            
    23.166    487.79      0.00      0.00                          0.00   2789.12   2789.12    595.13    594.47            
    23.328    419.84      0.00      0.00                          0.00   2700.66   2700.66    594.91    594.28            
    23.490    357.61      0.00      0.00                          0.00   2623.18   2623.18    594.69    594.08            
    23.652    302.02      0.00      0.00                          0.00   2555.90   2555.90    594.47    593.87            
    23.814    254.45      0.00      0.00                          0.00   2458.03   2458.03    594.24    593.67            
    23.976    215.27      0.00      0.00                          0.00   2391.04   2391.04    594.01    593.46            
    24.138    182.74      0.00      0.00                          0.00   2304.70   2304.70    593.78    593.25            
    24.300    155.18      0.00      0.00                          0.00   2219.57   2219.57    593.54    593.03            
    24.462    131.84      0.00      0.00                          0.00   2126.78   2126.78    593.30    592.82            
    24.624    111.96      0.00      0.00                          0.00   2035.99   2035.99    593.07    592.60            
    24.786     94.88      0.00      0.00                          0.00   1955.95   1955.95    592.83    592.39            
    24.948     80.31      0.00      0.00                          0.00   1869.33   1869.33    592.59    592.17            
    25.110     68.04      0.00      0.00                          0.00   1785.09   1785.09    592.35    591.96            
    25.272     57.64      0.00      0.00                          0.00   1703.35   1703.35    592.12    591.75            
    25.434     48.75      0.00      0.00                          0.00   1608.74   1608.74    591.88    591.54            
    25.596     41.20      0.00      0.00                          0.00   1525.26   1525.26    591.65    591.33            
    25.758     34.79      0.00      0.00                          0.00   1452.12   1452.12    591.42    591.12            
    25.920     29.35      0.00      0.00                          0.00   1367.16   1367.16    591.19    590.92            
    26.082     24.72      0.00      0.00                          0.00   1268.07   1268.07    590.91    590.66            
    26.244     20.84      0.00      0.00                          0.00   1030.14   1030.14    590.25    590.06            
    26.406     20.03      0.00      0.00                          0.00    940.18    940.18    589.68    589.50            
    26.568     20.03      0.00      0.00                          0.00    885.84    885.84    589.15    588.98            
    26.730     20.03      0.00      0.00                          0.00    829.90    829.90    588.66    588.48            
    26.892     20.03      0.00      0.00                          0.00    777.82    777.82    588.20    588.02            
    27.054     20.03      0.00      0.00                          0.00    733.58    733.58    587.76    587.59            
    27.216     20.03      0.00      0.00                          0.00    684.57    684.57    587.36    587.19            
    27.378     20.03      0.00      0.00                          0.00    642.96    642.96    586.98    586.81            
    27.540     20.03      0.00      0.00                          0.00    607.43    607.43    586.62    586.45            
    27.702     20.03      0.00      0.00                          0.00    571.06    571.06    586.29    586.12            
    27.864     20.03      0.00      0.00                          0.00    531.81    531.81    585.97    585.81            
    28.026     20.03      0.00      0.00                          0.00    503.60    503.60    585.68    585.52            
    28.188     20.03      0.00      0.00                          0.00    472.30    472.30    585.40    585.24            
    28.350     20.03      0.00      0.00                          0.00    441.28    441.28    585.15    584.99            
    28.512     20.03      0.00      0.00                          0.00    414.97    414.97    584.91    584.75            
    28.674     20.03      0.00      0.00                          0.00    390.64    390.64    584.68    584.53            
    28.836     20.03      0.00      0.00                          0.00    368.07    368.07    584.47    584.32            
    28.998     20.03      0.00      0.00                          0.00    347.21    347.21    584.27    584.12            
    29.160     20.03      0.00      0.00                          0.00    326.35    326.35    584.08    583.94            
    29.322     20.03      0.00      0.00                          0.00    307.15    307.15    583.91    583.76            
    29.484     20.03      0.00      0.00                          0.00    289.48    289.48    583.74    583.60            
    29.646     20.03      0.00      0.00                          0.00    273.17    273.17    583.59    583.45            
    29.808     20.03      0.00      0.00                          0.00    255.73    255.73    583.45    583.31            
    29.970     20.03      0.00      0.00                          0.00    242.06    242.06    583.31    583.18            
    30.132     20.03      0.00      0.00                          0.00    228.35    228.35    583.18    583.06            
    30.294     20.03      0.00      0.00                          0.00    214.71    214.71    583.07    582.94            
    30.456     20.03      0.00      0.00                          0.00    204.11    204.11    582.95    582.83            
    30.618     20.03      0.00      0.00                          0.00    192.44    192.44    582.85    582.73            
    30.780     20.03      0.00      0.00                          0.00    181.72    181.72    582.75    582.63            
    30.942     20.03      0.00      0.00                          0.00    171.05    171.05    582.66    582.55            
    31.104     20.03      0.00      0.00                          0.00    162.79    162.79    582.57    582.46            
    31.266     20.03      0.00      0.00                          0.00    153.64    153.64    582.49    582.38            
    31.428     20.03      0.00      0.00                          0.00    145.22    145.22    582.41    582.31            
    31.590     20.03      0.00      0.00                          0.00    138.14    138.14    582.34    582.24            
    31.752     20.03      0.00      0.00                          0.00    130.92    130.92    582.28    582.18            
    31.914     20.03      0.00      0.00                          0.00    124.25    124.25    582.21    582.12            
    32.076     20.03      0.00      0.00                          0.00    118.07    118.07    582.15    582.06            
    32.238     20.03      0.00      0.00                          0.00    112.34    112.34    582.10    582.01            
    32.400     20.03      0.00      0.00                          0.00    107.02    107.02    582.04    581.96            
    32.562     20.03      0.00      0.00                          0.00    101.54    101.54    581.99    581.91            
    32.724     20.03      0.00      0.00                          0.00     96.46     96.46    581.95    581.87            
    32.886     20.03      0.00      0.00                          0.00     92.22     92.22    581.90    581.83            
    33.048     20.03      0.00      0.00                          0.00     87.79     87.79    581.86    581.79            
    33.210     20.03      0.00      0.00                          0.00     83.66     83.66    581.82    581.76            
    33.372     20.03      0.00      0.00                          0.00     80.26     80.26    581.79    581.72            
    33.534     20.03      0.00      0.00                          0.00     76.63     76.63    581.75    581.69            
    33.696     20.03      0.00      0.00                          0.00     73.23     73.23    581.72    581.66            
    33.858     20.03      0.00      0.00                          0.00     70.45     70.45    581.69    581.63            
    34.020     20.03      0.00      0.00                          0.00     67.43     67.43    581.66    581.61            
    34.182     20.03      0.00      0.00                          0.00     64.59     64.59    581.63    581.58            
    34.344     20.03      0.00      0.00                          0.00     61.92     61.92    581.61    581.56            
    34.506     20.03      0.00      0.00                          0.00     59.39     59.39    581.58    581.54            
    34.668     20.03      0.00      0.00                          0.00     57.38     57.38    581.56    581.52            
    34.830     20.03      0.00      0.00                          0.00     55.11     55.11    581.54    581.50            
    34.992     20.03      0.00      0.00                          0.00     52.97     52.97    581.52    581.48            
    35.154     20.03      0.00      0.00                          0.00     50.93     50.93    581.50    581.46            
    35.316     20.03      0.00      0.00                          0.00     49.35     49.35    581.48    581.44            
    35.478     20.03      0.00      0.00                          0.00     47.49     47.49    581.47    581.43            
    35.640     20.03      0.00      0.00                          0.00     46.06     46.06    581.45    581.42            

     @ = Time step has been subdivided for more accurate calculations.



                          Spillway and Overtop Discharge Rating

 Elevation  Prin Spw    Struct                       OverTop     Total   TW Elev
    591.00      0.00      0.00                          0.00      0.00    580.00
    591.10      0.00      0.00                          0.00      0.00    580.00
    591.20      0.00      0.00                          0.00      0.00    580.00
    591.30      0.00      0.00                          0.00      0.00    580.00
    591.40      0.00      0.00                          0.00      0.00    580.00
    591.50      0.00      0.00                          0.00      0.00    580.00
    591.60      0.00      0.00                          0.00      0.00    580.00
    591.70      0.00      0.00                          0.00      0.00    580.00
    591.80      0.00      0.00                          0.00      0.00    580.00
    591.90      0.00      0.00                          0.00      0.00    580.00
    592.00      0.00      0.00                          0.00      0.00    580.00
    592.10      0.00      0.00                          0.00      0.00    580.00
    592.20      0.00      0.00                          0.00      0.00    580.00
    592.30      0.00      0.00                          0.00      0.00    580.00
    592.40      0.00      0.00                          0.00      0.00    580.00
    592.50      0.00      0.00                          0.00      0.00    580.00
    592.60      0.00      0.00                          0.00      0.00    580.00
    592.70      0.00      0.00                          0.00      0.00    580.00
    592.80      0.00      0.00                          0.00      0.00    580.00
    592.90      0.00      0.00                          0.00      0.00    580.00
    593.00      0.00      0.00                          0.00      0.00    580.00
    593.10      0.00      0.00                          0.00      0.00    580.00
    593.20      0.00      0.00                          0.00      0.00    580.00
    593.30      0.00      0.00                          0.00      0.00    580.00
    593.40      0.00      0.00                          0.00      0.00    580.00
    593.50      0.00      0.00                          0.00      0.00    580.00
    593.60      0.00      0.00                          0.00      0.00    580.00
    593.70      0.00      0.00                          0.00      0.00    580.00
    593.80      0.00      0.00                          0.00      0.00    580.00
    593.90      0.00      0.00                          0.00      0.00    580.00
    594.00      0.00      0.00                          0.00      0.00    580.00
    594.10      0.00      0.00                          0.00      0.00    580.00
    594.20      0.00      0.00                          0.00      0.00    580.00
    594.30      0.00      0.00                          0.00      0.00    580.00
    594.40      0.00      0.00                          0.00      0.00    580.00
    594.50      0.00      0.00                          0.00      0.00    580.00
    594.60      0.00      0.00                          0.00      0.00    580.00
    594.70      0.00      0.00                          0.00      0.00    580.00
    594.80      0.00      0.00                          0.00      0.00    580.00
    594.90      0.00      0.00                          0.00      0.00    580.00
    595.00      0.00      0.00                          0.00      0.00    580.00
    595.10      0.00      0.00                          0.00      0.00    580.00
    595.20      0.00      0.00                          0.00      0.00    580.00
    595.30      0.00      0.00                          0.00      0.00    580.00
    595.40      0.00      0.00                          0.00      0.00    580.00
    595.50      0.00      0.00                          0.00      0.00    580.00
    595.60      0.00      0.00                          0.00      0.00    580.00
    595.70      0.00      0.00                          0.00      0.00    580.00
    595.80      0.00      0.00                          0.00      0.00    580.00
    595.90      0.00      0.00                          0.00      0.00    580.00
    596.00      0.00      0.00                          0.00      0.00    580.00
    596.10      0.00      0.00                          0.00      0.00    580.00
    596.20      0.00      0.00                          0.00      0.00    580.00
    596.30      0.00      0.00                          0.00      0.00    580.00
    596.40      0.00      0.00                          0.00      0.00    580.00
    596.50      0.00      0.00                          0.00      0.00    580.00
    596.60      0.00      0.00                          0.00      0.00    580.00
    596.70      0.00      0.00                          0.00      0.00    580.00
    596.80      0.00      0.00                          0.00      0.00    580.00
    596.90      0.00      0.00                          0.00      0.00    580.00
    597.00      0.00      0.00                          0.00      0.00    580.00
    597.10      0.00      0.00                          0.00      0.00    580.00
    597.20      0.00      0.00                          0.00      0.00    580.00
    597.30      0.00      0.00                          0.00      0.00    580.00
    597.40      0.00      0.00                          0.00      0.00    580.00
    597.50      0.00      0.00                          0.00      0.00    580.00
    597.60      0.00      0.00                          0.00      0.00    580.00
    597.70      0.00      0.00                          0.00      0.00    580.00
    597.80      0.00      0.00                          0.00      0.00    580.00
    597.90      0.00      0.00                          0.00      0.00    580.00
    598.00      0.00      0.00                          0.00      0.00    580.00
    598.10      0.00      0.00                          0.00      0.00    580.00
    598.20      0.00      0.00                          0.00      0.00    580.00
    598.30      0.00      0.00                          0.00      0.00    580.00
    598.40      0.00      0.00                          0.00      0.00    580.00
    598.50      0.00      0.00                          0.00      0.00    580.00
    598.60      0.00      0.00                          0.00      0.00    580.00
    598.70      0.00      0.00                          0.00      0.00    580.00
    598.80      0.00      0.00                          0.00      0.00    580.00
    598.90      0.00      0.00                          0.00      0.00    580.00
    599.00      0.00      0.00                          0.00      0.00    580.00
    599.10      0.00      0.00                          0.00      0.00    580.00
    599.20      0.00      0.00                          0.00      0.00    580.00
    599.30      0.00      0.00                          0.00      0.00    580.00
    599.40      0.00      0.00                          0.00      0.00    580.00
    599.50      0.00      0.00                          0.00      0.00    580.00
    599.60      0.00      0.00                          0.00      0.00    580.00
    599.70      0.00      0.00                          0.00      0.00    580.00
    599.80      0.00      0.00                          0.00      0.00    580.00
    599.90      0.00      0.00                          0.00      0.00    580.00
    600.00      0.00      0.00                          0.00      0.00    580.00
    600.10      0.00      0.00                          0.00      0.00    580.00
    600.20      0.00      0.00                          0.00      0.00    580.00
    600.30      0.00      0.00                          0.00      0.00    580.00
    600.40      0.00      0.00                          0.00      0.00    580.00
    600.50      0.00      0.00                          0.00      0.00    580.00
    600.60      0.00      0.00                          0.00      0.00    580.00
    600.70      0.00      0.00                          0.00      0.00    580.00
    600.80      0.00      0.00                          0.00      0.00    580.00
    600.90      0.00      0.00                          0.00      0.00    580.00
    601.00      0.00      0.00                          0.00      0.00    580.00
    601.10      0.00      0.00                          0.00      0.00    580.00
    601.20      0.00      0.00                          0.00      0.00    580.00
    601.30      0.00      0.00                          0.00      0.00    580.00
    601.40      0.00      0.00                          0.00      0.00    580.00
    601.50      0.00      0.00                          0.00      0.00    580.00
    601.60      0.00      0.00                          0.00      0.00    580.00
    601.70      0.00      0.00                          0.00      0.00    580.00
    601.80      0.00      0.00                          0.00      0.00    580.00
    601.90      0.00      0.00                          0.00      0.00    580.00
    602.00      0.00      0.00                          0.00      0.00    580.00
    602.10      0.00      0.00                          0.00      0.00    580.00
    602.20      0.00      0.00                          0.00      0.00    580.00
    602.30      0.00      0.00                          0.00      0.00    580.00
    602.40      0.00      0.00                          0.00      0.00    580.00
    602.50      0.00      0.00                          0.00      0.00    580.00
    602.60      0.00      0.00                          0.00      0.00    580.00
    602.70      0.00      0.00                          0.00      0.00    580.00
    602.80      0.00      0.00                          0.00      0.00    580.00
    602.90      0.00      0.00                          0.00      0.00    580.00
    603.00      0.00      0.00                          0.00      0.00    580.00
    603.10      0.00      0.00                          0.00      0.00    580.00
    603.20      0.00      0.00                          0.00      0.00    580.00
    603.30      0.00      0.00                          0.00      0.00    580.00
    603.40      0.00      0.00                          0.00      0.00    580.00
    603.50      0.00      0.00                          0.00      0.00    580.00
    603.60      0.00      0.00                          0.00      0.00    580.00
    603.70      0.00      0.00                          0.00      0.00    580.00
    603.80      0.00      0.00                          0.00      0.00    580.00
    603.90      0.00      0.00                          0.00      0.00    580.00
    604.00      0.00      0.00                          0.00      0.00    580.00
    604.10      1.76      0.00                          0.00      1.76    580.00
    604.20      4.99      0.00                          0.00      4.99    580.00
    604.30      9.17      0.00                          0.00      9.17    580.00
    604.40     14.12      0.00                          0.00     14.12    580.00
    604.50     19.73      0.00                          0.00     19.73    580.00
    604.60     25.93      0.00                          0.00     25.93    580.00
    604.70     32.68      0.00                          0.00     32.68    580.00
    604.80     39.93      0.00                          0.00     39.93    580.00
    604.90     47.64      0.00                          0.00     47.64    580.00
    605.00     55.80      0.00                          0.00     55.80    580.00
    605.10     64.38      0.00                          0.00     64.38    580.00
    605.20     73.35      0.00                          0.00     73.35    580.00
    605.30     82.71      0.00                          0.00     82.71    580.00
    605.40     92.43      0.00                          0.00     92.43    580.00
    605.50    102.51      0.00                          0.00    102.51    580.00
    605.60    112.93      0.00                          0.00    112.93    580.00
    605.70    123.68      0.00                          0.00    123.68    580.00
    605.80    128.65      0.00                          0.00    128.65    580.00
    605.90    129.10      0.00                          0.00    129.10    580.00
    606.00    129.55      0.00                          0.00    129.55    580.00
    606.10    130.00      0.00                          0.00    130.00    580.00
    606.20    130.44      0.00                          0.00    130.44    580.00
    606.30    130.88      0.00                          0.00    130.88    580.00
    606.40    131.32      0.00                          0.00    131.32    580.00
    606.50    131.76      0.00                          0.00    131.76    580.00
    606.60    132.20      0.00                          0.00    132.20    580.00
    606.70    132.64      0.00                          0.00    132.64    580.00
    606.80    133.08      0.00                          0.00    133.08    580.00
    606.90    133.51      0.00                          0.00    133.51    580.00
    607.00    133.94      0.00                          0.00    133.94    580.00
    607.10    134.37      0.00                          0.00    134.37    580.00
    607.20    134.80      0.00                          0.00    134.80    580.00
    607.30    135.23      0.00                          0.00    135.23    580.00
    607.40    135.66      0.00                          0.00    135.66    580.00
    607.50    136.09      0.00                          0.00    136.09    580.00
    607.60    136.51      0.00                          0.00    136.51    580.00
    607.70    136.93      0.00                          0.00    136.93    580.00
    607.80    137.36      0.00                          0.00    137.36    580.00
    607.90    137.78      0.00                          0.00    137.78    580.00
    608.00    138.20      0.00                          0.00    138.20    580.00
    608.10    138.61      0.00                          0.00    138.61    580.00
    608.20    139.03      0.00                          0.00    139.03    580.00
    608.30    139.45      0.00                          0.00    139.45    580.00
    608.40    139.86      0.00                          0.00    139.86    580.00
    608.50    140.27      0.00                          0.00    140.27    580.00
    608.60    140.69      0.00                          0.00    140.69    580.00
    608.70    141.10      0.00                          0.00    141.10    580.00
    608.80    141.51      0.00                          0.00    141.51    580.00
    608.90    141.91      0.00                          0.00    141.91    580.00
    609.00    142.32      0.00                          0.00    142.32    580.00
    609.10    142.73     31.00                          0.00    173.73    580.00
    609.20    143.13     62.00                          0.00    205.13    580.00
    609.30    143.54     93.00                          0.00    236.54    580.00
    609.40    143.94    124.00                          0.00    267.94    580.00
    609.50    144.34    155.00                          0.00    299.34    580.00
    609.60    144.74    186.00                          0.00    330.74    580.00
    609.70    145.14    217.00                          0.00    362.14    580.00
    609.80    145.54    248.00                          0.00    393.54    580.00
    609.90    145.94    279.00                          0.00    424.94    580.00
    610.00    146.33    310.00                          0.00    456.33    580.00
    610.10    146.73    367.00                          0.00    513.73    580.00
    610.20    147.12    424.00                          0.00    571.12    580.00
    610.30    147.51    481.00                          0.00    628.51    580.00
    610.40    147.90    538.00                          0.00    685.90    580.00
    610.50    148.30    595.00                          0.00    743.30    580.00
    610.60    148.69    652.00                          0.00    800.69    580.00
    610.70    149.07    709.00                          0.00    858.07    580.00
    610.80    149.46    766.00                          0.00    915.46    580.00
    610.90    149.85    823.00                          0.00    972.85    580.00
    611.00    150.23    880.00                          0.00   1030.23    580.00
    611.10    150.62    953.00                          0.00   1103.62    580.00
    611.20    151.00   1026.00                          0.00   1177.00    580.00
    611.30    151.39   1099.00                          0.00   1250.39    580.00
    611.40    151.77   1172.00                          0.00   1323.77    580.00
    611.50    152.15   1245.00                          0.00   1397.15    580.00
    611.60    152.53   1318.00                          0.00   1470.53    580.00
    611.70    152.91   1391.00                          0.00   1543.91    580.00
    611.80    153.28   1464.00                          0.00   1617.28    580.00
    611.90    153.66   1537.00                          0.00   1690.66    580.00
    612.00    154.04   1610.00                          0.00   1764.04    580.00
    612.10    154.41   1697.00                          0.00   1851.41    580.00
    612.20    154.79   1784.00                          0.00   1938.79    580.00
    612.30    155.16   1871.00                          0.00   2026.16    580.00
    612.40    155.53   1958.00                          0.00   2113.53    580.00
    612.50    155.91   2045.00                          0.00   2200.91    580.00
    612.60    156.28   2132.00                          0.00   2288.28    580.00
    612.70    156.65   2219.00                          0.00   2375.65    580.00
    612.80    157.01   2306.00                          0.00   2463.01    580.00
    612.90    157.38   2393.00                          0.00   2550.38    580.00
    613.00    157.75   2480.00                          0.00   2637.75    580.00
    613.10    158.12   2577.00                          0.00   2735.12    580.00
    613.20    158.48   2674.00                          0.00   2832.48    580.00
    613.30    158.85   2771.00                          0.00   2929.85    580.00
    613.40    159.21   2868.00                          0.00   3027.21    580.00
    613.50    159.57   2965.00                          0.00   3124.57    580.00
    613.60    159.94   3062.00                          0.00   3221.94    580.00
    613.70    160.30   3159.00                          0.00   3319.30    580.00
    613.80    160.66   3256.00                          0.00   3416.66    580.00
    613.90    161.02   3353.00                          0.00   3514.02    580.00
    614.00    161.38   3450.00                          0.00   3611.38    580.00
    614.10    161.74   3560.00                          0.16   3721.90    580.00
    614.20    162.09   3670.00                          1.45   3833.54    580.00
    614.30    162.45   3780.00                          5.48   3947.93    580.00
    614.40    162.81   3890.00                         15.60   4068.41    580.00
    614.50    163.16   4000.00                         35.80   4198.96    580.00
    614.60    163.51   4110.00                        104.55   4378.07    580.00
    614.70    163.87   4220.00                        214.45   4598.32    580.00
    614.80    164.22   4330.00                        393.04   4887.26    580.00
    614.90    164.57   4440.00                        628.67   5233.25    580.00
    615.00    164.92   4550.00                        896.45   5611.37    580.00
    615.10    165.27   4660.00                       1332.14   6157.41    580.00
    615.20    165.62   4770.00                       1867.82   6803.45    580.00
    615.30    165.97   4880.00                       2430.67   7476.65    580.00
    615.40    166.32   4990.00                       3019.29   8175.62    580.00
    615.50    166.67   5100.00                       3631.26   8897.93    580.00
    615.60    167.02   5210.00                       4264.97   9641.99    580.00
    615.70    167.36   5320.00                       4921.34  10408.70    580.00
    615.80    167.71   5430.00                       5597.36  11195.07    580.00
    615.90    168.05   5540.00                       6295.35  12003.40    580.00
    616.00    168.40   5650.00                       7012.67  12831.07    580.00
    616.10    168.74   5760.00                       7748.35  13677.09    580.00
    616.20    169.08   5870.00                       8506.32  14545.40    580.00
    616.30    169.42   5980.00                       9279.44  15428.87    580.00
    616.40    169.77   6090.00                      10073.49  16333.25    580.00
    616.50    170.11   6200.00                      10885.99  17256.10    580.00
    616.60    170.45   6310.00                      11715.61  18196.05    580.00
    616.70    170.79   6420.00                      12563.43  19154.21    580.00
    616.80    171.12   6530.00                      13427.55  20128.68    580.00
    616.90    171.46   6640.00                      14309.01  21120.47    580.00
    617.00    171.80   6750.00                      15207.79  22129.59    580.00
    617.10    172.14   6860.00                      16121.46  23153.59    580.00
    617.20    172.47   6970.00                      17052.66  24195.13    580.00
    617.30    172.81   7080.00                      17999.79  25252.60    580.00
    617.40    173.14   7190.00                      18961.44  26324.58    580.00
    617.50    173.48   7300.00                      19939.14  27412.61    580.00
    617.60    173.81   7410.00                      20931.14  28514.95    580.00
    617.70    174.14   7520.00                      21938.65  29632.79    580.00
    617.80    174.47   7630.00                      22960.82  30765.29    580.00
    617.90    174.80   7740.00                      23997.67  31912.47    580.00
    618.00    175.14   7850.00                      25048.43  33073.57    580.00
    618.10    175.47   7960.00                      26112.96  34248.42    580.00
    618.20    175.79   8070.00                      27191.69  35437.48    580.00
    618.30    176.12   8180.00                      28285.55  36641.68    580.00
    618.40    176.45   8290.00                      29392.42  37858.87    580.00
    618.50    176.78   8400.00                      30512.22  39089.00    580.00
    618.60    177.11   8510.00                      31644.99  40332.10    580.00
    618.70    177.43   8620.00                      32791.02  41588.46    580.00
    618.80    177.76   8730.00                      33951.00  42858.76    580.00
    618.90    178.08   8840.00                      35123.60  44141.68    580.00
    619.00    178.41   8950.00                      36308.00  45436.41    580.00
    619.10    178.73   9060.00                      37507.36  46746.10    580.00
    619.20    179.06   9170.00                      38717.14  48066.20    580.00
    619.30    179.38   9280.00                      39938.30  49397.68    580.00
    619.40    179.70   9390.00                      41174.44  50744.14    580.00
    619.50    180.02   9500.00                      42420.14  52100.17    580.00
    619.60    180.34   9610.00                      43679.14  53469.49    580.00
    619.70    180.67   9720.00                      44951.07  54851.74    580.00
    619.80    180.99   9830.00                      46232.93  56243.92    580.00
    619.90    181.31   9940.00                      47528.08  57649.39    580.00
    620.00    181.62  10050.00                      48835.23  59066.85    580.00
    620.10    181.90  10160.00                      50153.46  60495.36    580.00


 Listing of Tabular Data-Expanded Area
     1   591.00   76.60  591.10   78.12  591.20   79.63  591.30   81.14  591.40   82.66
     6   591.50   84.17  591.60   85.69  591.70   87.21  591.80   88.72  591.90   90.23
    11   592.00   91.75  592.10   93.27  592.20   94.78  592.30   96.29  592.40   97.81
    16   592.50   99.33  592.60  100.84  592.70  102.36  592.80  103.87  592.90  105.38
    21   593.00  106.90  593.10  108.70  593.20  110.49  593.30  112.28  593.40  114.08
    26   593.50  115.88  593.60  117.67  593.70  119.47  593.80  121.26  593.90  123.05
    31   594.00  124.85  594.10  126.65  594.20  128.44  594.30  130.23  594.40  132.03
    36   594.50  133.83  594.60  135.62  594.70  137.42  594.80  139.21  594.90  141.00
    41   595.00  142.80  595.10  144.69  595.20  146.58  595.30  148.47  595.40  150.36
    46   595.50  152.25  595.60  154.14  595.70  156.03  595.80  157.92  595.90  159.81
    51   596.00  161.70  596.10  163.59  596.20  165.48  596.30  167.37  596.40  169.26
    56   596.50  171.15  596.60  173.04  596.70  174.93  596.80  176.82  596.90  178.71
    61   597.00  180.60  597.10  182.65  597.20  184.71  597.30  186.76  597.40  188.81
    66   597.50  190.86  597.60  192.92  597.70  194.97  597.80  197.02  597.90  199.07
    71   598.00  201.12  598.10  203.18  598.20  205.23  598.30  207.28  598.40  209.33
    76   598.50  211.39  598.60  213.44  598.70  215.49  598.80  217.54  598.90  219.60
    81   599.00  221.65  599.10  223.70  599.20  225.76  599.30  227.81  599.40  229.86
    86   599.50  231.91  599.60  233.97  599.70  236.02  599.80  238.07  599.90  240.12
    91   600.00  242.17  600.10  244.23  600.20  246.28  600.30  248.33  600.40  250.38
    96   600.50  252.44  600.60  254.49  600.70  256.54  600.80  258.59  600.90  260.65
   101   601.00  262.70  601.10  265.14  601.20  267.58  601.30  270.02  601.40  272.46
   106   601.50  274.90  601.60  277.34  601.70  279.78  601.80  282.22  601.90  284.66
   111   602.00  287.10  602.10  289.54  602.20  291.98  602.30  294.42  602.40  296.86
   116   602.50  299.30  602.60  301.74  602.70  304.18  602.80  306.62  602.90  309.06
   121   603.00  311.50  603.10  313.94  603.20  316.38  603.30  318.82  603.40  321.26
   126   603.50  323.70  603.60  326.14  603.70  328.58  603.80  331.02  603.90  333.46
   131   604.00  335.90  604.10  338.34  604.20  340.78  604.30  343.22  604.40  345.66
   136   604.50  348.10  604.60  350.54  604.70  352.98  604.80  355.42  604.90  357.86
   141   605.00  360.30  605.10  362.72  605.20  365.13  605.30  367.54  605.40  369.96
   146   605.50  372.38  605.60  374.79  605.70  377.21  605.80  379.62  605.90  382.03
   151   606.00  384.45  606.10  386.87  606.20  389.28  606.30  391.69  606.40  394.11
   156   606.50  396.52  606.60  398.94  606.70  401.36  606.80  403.77  606.90  406.18
   161   607.00  408.60  607.10  411.02  607.20  413.43  607.30  415.84  607.40  418.26
   166   607.50  420.68  607.60  423.09  607.70  425.51  607.80  427.92  607.90  430.33
   171   608.00  432.75  608.10  435.17  608.20  437.58  608.30  439.99  608.40  442.41
   176   608.50  444.82  608.60  447.24  608.70  449.66  608.80  452.07  608.90  454.48
   181   609.00  456.90  609.10  459.42  609.20  461.94  609.30  464.46  609.40  466.98
   186   609.50  469.50  609.60  472.02  609.70  474.54  609.80  477.06  609.90  479.58
   191   610.00  482.10  610.10  484.62  610.20  487.14  610.30  489.66  610.40  492.18
   196   610.50  494.70  610.60  497.22  610.70  499.74  610.80  502.26  610.90  504.78
   201   611.00  507.30  611.10  509.82  611.20  512.34  611.30  514.86  611.40  517.38
   206   611.50  519.90  611.60  522.42  611.70  524.94  611.80  527.46  611.90  529.98
   211   612.00  532.50  612.10  535.02  612.20  537.54  612.30  540.06  612.40  542.58
   216   612.50  545.10  612.60  547.62  612.70  550.14  612.80  552.66  612.90  555.18
   221   613.00  557.70  613.10  560.20  613.20  562.70  613.30  565.20  613.40  567.70
   226   613.50  570.20  613.60  572.70  613.70  575.20  613.80  577.70  613.90  580.20
   231   614.00  582.70  614.10  585.20  614.20  587.70  614.30  590.20  614.40  592.70
   236   614.50  595.20  614.60  597.70  614.70  600.20  614.80  602.70  614.90  605.20
   241   615.00  607.70  615.10  610.20  615.20  612.70  615.30  615.20  615.40  617.70
   246   615.50  620.20  615.60  622.70  615.70  625.20  615.80  627.70  615.90  630.20
   251   616.00  632.70  616.10  635.20  616.20  637.70  616.30  640.20  616.40  642.70
   256   616.50  645.20  616.60  647.70  616.70  650.20  616.80  652.70  616.90  655.20
   261   617.00  657.70  617.10  660.20  617.20  662.70  617.30  665.20  617.40  667.70
   266   617.50  670.20  617.60  672.70  617.70  675.20  617.80  677.70  617.90  680.20
   271   618.00  682.70  618.10  685.20  618.20  687.70  618.30  690.20  618.40  692.70
   276   618.50  695.20  618.60  697.70  618.70  700.20  618.80  702.70  618.90  705.20
   281   619.00  707.70  619.10  710.20  619.20  712.70  619.30  715.20  619.40  717.70
   286   619.50  720.20  619.60  722.70  619.70  725.20  619.80  727.70  619.90  730.20
   291   620.00  732.70  620.10  735.20


 Listing of Tabular Data-Generated Volume
     1   591.00  250.00  593.00  433.50  595.00  683.20  597.00 1006.60  601.00 1893.20
     6   605.00 3139.20  609.00 4773.60  613.00 6802.80  615.00 7968.20


 Listing of Tabular Data-Expanded Low Volume
     1   580.00    0.00  580.10    2.27  580.20    4.55  580.30    6.82  580.40    9.09
     6   580.50   11.36  580.60   13.64  580.70   15.91  580.80   18.18  580.90   20.45
    11   581.00   22.73  581.10   25.00  581.20   27.27  581.30   29.55  581.40   31.82
    16   581.50   34.09  581.60   36.36  581.70   38.64  581.80   40.91  581.90   43.18
    21   582.00   45.45  582.10   47.73  582.20   50.00  582.30   52.27  582.40   54.55
    26   582.50   56.82  582.60   59.09  582.70   61.36  582.80   63.64  582.90   65.91
    31   583.00   68.18  583.10   70.45  583.20   72.73  583.30   75.00  583.40   77.27
    36   583.50   79.55  583.60   81.82  583.70   84.09  583.80   86.36  583.90   88.64
    41   584.00   90.91  584.10   93.18  584.20   95.45  584.30   97.73  584.40  100.00
    46   584.50  102.27  584.60  104.55  584.70  106.82  584.80  109.09  584.90  111.36
    51   585.00  113.64  585.10  115.91  585.20  118.18  585.30  120.45  585.40  122.73
    56   585.50  125.00  585.60  127.27  585.70  129.55  585.80  131.82  585.90  134.09
    61   586.00  136.36  586.10  138.64  586.20  140.91  586.30  143.18  586.40  145.45
    66   586.50  147.73  586.60  150.00  586.70  152.27  586.80  154.55  586.90  156.82
    71   587.00  159.09  587.10  161.36  587.20  163.64  587.30  165.91  587.40  168.18
    76   587.50  170.45  587.60  172.73  587.70  175.00  587.80  177.27  587.90  179.55
    81   588.00  181.82  588.10  184.09  588.20  186.36  588.30  188.64  588.40  190.91
    86   588.50  193.18  588.60  195.45  588.70  197.73  588.80  200.00  588.90  202.27
    91   589.00  204.55  589.10  206.82  589.20  209.09  589.30  211.36  589.40  213.64
    96   589.50  215.91  589.60  218.18  589.70  220.45  589.80  222.73  589.90  225.00
   101   590.00  227.27  590.10  229.55  590.20  231.82  590.30  234.09  590.40  236.36
   106   590.50  238.64  590.60  240.91  590.70  243.18  590.80  245.45  590.90  247.73


 Listing of Tabular Data-Expanded Volume
     1   591.00    250.  591.10    258.  591.20    266.  591.30    274.  591.40    282.
     6   591.50    290.  591.60    299.  591.70    307.  591.80    316.  591.90    325.
    11   592.00    334.  592.10    343.  592.20    353.  592.30    362.  592.40    372.
    16   592.50    382.  592.60    392.  592.70    402.  592.80    412.  592.90    423.
    21   593.00    434.  593.10    444.  593.20    455.  593.30    466.  593.40    478.
    26   593.50    489.  593.60    501.  593.70    513.  593.80    525.  593.90    537.
    31   594.00    549.  594.10    562.  594.20    575.  594.30    588.  594.40    601.
    36   594.50    614.  594.60    628.  594.70    641.  594.80    655.  594.90    669.
    41   595.00    683.  595.10    698.  595.20    712.  595.30    727.  595.40    742.
    46   595.50    757.  595.60    772.  595.70    788.  595.80    803.  595.90    819.
    51   596.00    835.  596.10    852.  596.20    868.  596.30    885.  596.40    902.
    56   596.50    919.  596.60    936.  596.70    953.  596.80    971.  596.90    989.
    61   597.00   1007.  597.10   1025.  597.20   1043.  597.30   1062.  597.40   1080.
    66   597.50   1099.  597.60   1119.  597.70   1138.  597.80   1158.  597.90   1177.
    71   598.00   1197.  598.10   1218.  598.20   1238.  598.30   1259.  598.40   1280.
    76   598.50   1301.  598.60   1322.  598.70   1343.  598.80   1365.  598.90   1387.
    81   599.00   1409.  599.10   1431.  599.20   1454.  599.30   1476.  599.40   1499.
    86   599.50   1522.  599.60   1546.  599.70   1569.  599.80   1593.  599.90   1617.
    91   600.00   1641.  600.10   1665.  600.20   1690.  600.30   1714.  600.40   1739.
    96   600.50   1764.  600.60   1790.  600.70   1815.  600.80   1841.  600.90   1867.
   101   601.00   1893.  601.10   1920.  601.20   1946.  601.30   1973.  601.40   2000.
   106   601.50   2028.  601.60   2055.  601.70   2083.  601.80   2111.  601.90   2140.
   111   602.00   2168.  602.10   2197.  602.20   2226.  602.30   2255.  602.40   2285.
   116   602.50   2315.  602.60   2345.  602.70   2375.  602.80   2406.  602.90   2436.
   121   603.00   2467.  603.10   2499.  603.20   2530.  603.30   2562.  603.40   2594.
   126   603.50   2626.  603.60   2659.  603.70   2691.  603.80   2724.  603.90   2758.
   131   604.00   2791.  604.10   2825.  604.20   2859.  604.30   2893.  604.40   2927.
   136   604.50   2962.  604.60   2997.  604.70   3032.  604.80   3068.  604.90   3103.
   141   605.00   3139.  605.10   3175.  605.20   3212.  605.30   3248.  605.40   3285.
   146   605.50   3322.  605.60   3360.  605.70   3397.  605.80   3435.  605.90   3473.
   151   606.00   3512.  606.10   3550.  606.20   3589.  606.30   3628.  606.40   3667.
   156   606.50   3707.  606.60   3747.  606.70   3787.  606.80   3827.  606.90   3867.
   161   607.00   3908.  607.10   3949.  607.20   3990.  607.30   4032.  607.40   4073.
   166   607.50   4115.  607.60   4158.  607.70   4200.  607.80   4243.  607.90   4286.
   171   608.00   4329.  608.10   4372.  608.20   4416.  608.30   4460.  608.40   4504.
   176   608.50   4548.  608.60   4593.  608.70   4638.  608.80   4683.  608.90   4728.
   181   609.00   4774.  609.10   4819.  609.20   4865.  609.30   4912.  609.40   4958.
   186   609.50   5005.  609.60   5052.  609.70   5100.  609.80   5147.  609.90   5195.
   191   610.00   5243.  610.10   5291.  610.20   5340.  610.30   5389.  610.40   5438.
   196   610.50   5487.  610.60   5537.  610.70   5587.  610.80   5637.  610.90   5687.
   201   611.00   5738.  611.10   5789.  611.20   5840.  611.30   5891.  611.40   5943.
   206   611.50   5995.  611.60   6047.  611.70   6099.  611.80   6152.  611.90   6205.
   211   612.00   6258.  612.10   6311.  612.20   6365.  612.30   6419.  612.40   6473.
   216   612.50   6527.  612.60   6582.  612.70   6637.  612.80   6692.  612.90   6747.
   221   613.00   6803.  613.10   6859.  613.20   6915.  613.30   6971.  613.40   7028.
   226   613.50   7085.  613.60   7142.  613.70   7199.  613.80   7257.  613.90   7315.
   231   614.00   7373.  614.10   7431.  614.20   7490.  614.30   7549.  614.40   7608.
   236   614.50   7667.  614.60   7727.  614.70   7787.  614.80   7847.  614.90   7908.
   241   615.00   7968.  615.10   8029.  615.20   8090.  615.30   8152.  615.40   8213.
   246   615.50   8275.  615.60   8337.  615.70   8400.  615.80   8462.  615.90   8525.
   251   616.00   8588.  616.10   8652.  616.20   8715.  616.30   8779.  616.40   8843.
   256   616.50   8908.  616.60   8973.  616.70   9037.  616.80   9103.  616.90   9168.
   261   617.00   9234.  617.10   9299.  617.20   9366.  617.30   9432.  617.40   9499.
   266   617.50   9566.  617.60   9633.  617.70   9700.  617.80   9768.  617.90   9836.
   271   618.00   9904.  618.10   9972.  618.20  10041.  618.30  10110.  618.40  10179.
   276   618.50  10248.  618.60  10318.  618.70  10388.  618.80  10458.  618.90  10528.
   281   619.00  10599.  619.10  10670.  619.20  10741.  619.30  10812.  619.40  10884.
   286   619.50  10956.  619.60  11028.  619.70  11101.  619.80  11173.  619.90  11246.
   291   620.00  11319.  620.10  11393.


End of Run
