Windows Dam Analysis Program                    Execution Date-09/14/2017
 Program Date-01/01/2009             Version Date-2008.01.01            Time-10:40:58

 Listing of Input Data-          Example 15                                        
 WINDAM    01/01/2009Example 15                                                  
 OPTION    SIMPLE    EARTH               INTERNAL                                
 *         WinDAM C Example 13 - Proposed Dam  07/27/2017                        
 *         Internal Erosion Analysis                                             
 *           Int Erosion Conduit elevation 590.0'                                
 *           Conduit size: 0.5 ft x 0.5 ft                                       
 *           Kd @ fast erosion rate: 5.00 ft/hr/psf                              
 *           Critical shear: 0.0001 psf                                          
 *           Hanson/Robinson method                                              
 *         Std single stage riser, 36" conduit                                   
 *         1 x 100' wide auxilary spillway - structural, rating                  
 *         Dam Base:     580.0'                                                  
 *         IE Conduit:     590.0'                                                
 *         PS crest:        604.0'                                               
 *         Start Routing:   604.1'                                               
 *         AS1 crest:       609.0' structural (rating tbl)                       
 *         AS1 bottom width:100'                                                 
 *         Dam crest:       614.0' raised                                        
 *         Dam face Maintenance Code - 2 (minor discontinuities)                 
 *         Aux Spwy Maintenance Code - 2 (minor discontinuities)                 
 *         24-hr FBH Inflow peak: 20,000 cfs @ 13.4 hr                           
 *         Dam embankment not overtopped                                         
 *         Aux Spwy 1 is structural, has rating tbl                              
 *                       no erosion estimated                                    
 *         End of my input comments-----------------                             
 IEMODEL   2         120       5.00      100       0.0001                        
 HYD       FBH        .162     0         0V                                      
           0         0                                                           
           0.162     2.05                                                        
           0.324     4.27                                                        
           0.486     7.94                                                        
           0.648     13.49                                                       
           0.81      21.25                                                       
           0.972     31.43                                                       
           1.134     44.09                                                       
           1.296     59.2                                                        
           1.458     76.67                                                       
           1.62      96.3                                                        
           1.782     117.91                                                      
           1.944     141.29                                                      
           2.106     166.19                                                      
           2.268     192.41                                                      
           2.43      219.81                                                      
           2.592     248.29                                                      
           2.754     277.79                                                      
           2.916     308.26                                                      
           3.078     339.64                                                      
           3.24      371.89                                                      
           3.402     404.96                                                      
           3.564     438.77                                                      
           3.726     473.28                                                      
           3.888     508.43                                                      
           4.05      544.15                                                      
           4.212     580.38                                                      
           4.374     617.06                                                      
           4.536     654.15                                                      
           4.698     691.6                                                       
           4.86      729.37                                                      
           5.022     767.42                                                      
           5.184     805.71                                                      
           5.346     844.21                                                      
           5.508     883.01                                                      
           5.67      922.4                                                       
           5.832     962.86                                                      
           5.994     1005.06                                                     
           6.156     1049.89                                                     
           6.318     1098.5                                                      
           6.48      1151.9                                                      
           6.642     1210.65                                                     
           6.804     1274.77                                                     
           6.966     1343.9                                                      
           7.128     1417.62                                                     
           7.29      1495.44                                                     
           7.452     1577.05                                                     
           7.614     1662.99                                                     
           7.776     1754.86                                                     
           7.938     1854.94                                                     
           8.1       1966.14                                                     
           8.262     2091.9                                                      
           8.424     2236.09                                                     
           8.586     2404.24                                                     
           8.748     2603.67                                                     
           8.91      2852.99                                                     
           9.072     3236.61                                                     
           9.234     3969.87                                                     
           9.396     5171.58                                                     
           9.558000006780.08                                                     
           9.720000008811.47                                                     
           9.8820000011291.61                                                    
           10.044    14009.39                                                    
           10.206    16477.03                                                    
           10.368    18343.15                                                    
           10.53     19510                                                       
           10.692    20008.95                                                    
           10.854    19962.27                                                    
           11.016    19374.39                                                    
           11.178    18418.29                                                    
           11.34     17208.44                                                    
           11.502    15720.4                                                     
           11.664    14046.82                                                    
           11.826    12475.51                                                    
           11.988    11164.77                                                    
           12.15     10045.39                                                    
           12.312    9072.22                                                     
           12.474    8237.55                                                     
           12.636    7498.24                                                     
           12.798    6822.66                                                     
           12.96     6226.47                                                     
           13.122    5713.4                                                      
           13.284    5259.68                                                     
           13.446    4856                                                        
           13.608    4497.88                                                     
           13.77     4180.52                                                     
           13.932    3893.07                                                     
           14.094    3639.11                                                     
           14.256    3414.2                                                      
           14.418    3212.11                                                     
           14.58     3032.03                                                     
           14.742    2871.29                                                     
           14.904    2725.09                                                     
           15.066    2593.97                                                     
           15.228    2475.93                                                     
           15.39     2371.16                                                     
           15.552    2276.01                                                     
           15.714    2188.82                                                     
           15.876    2112.57                                                     
           16.038    2043.22                                                     
           16.2      1977.17                                                     
           16.362    1913.76                                                     
           16.524    1852.44                                                     
           16.686    1792.93                                                     
           16.848    1735.03                                                     
           17.01     1678.94                                                     
           17.172    1626.62                                                     
           17.334    1581.9                                                      
           17.496    1541.52                                                     
           17.658    1502.55                                                     
           17.82     1464.85                                                     
           17.982    1428.33                                                     
           18.144    1393.15                                                     
           18.306    1359.58                                                     
           18.468    1327.9                                                      
           18.63     1298.33                                                     
           18.792    1270.99                                                     
           18.954    1245.91                                                     
           19.116    1223.06                                                     
           19.278    1202.33                                                     
           19.44     1183.55                                                     
           19.602    1166.55                                                     
           19.764    1151.13                                                     
           19.926    1137.04                                                     
           20.088    1124.05                                                     
           20.25     1112                                                        
           20.412    1100.72                                                     
           20.574    1090.1                                                      
           20.736    1080.04                                                     
           20.898    1070.47                                                     
           21.06     1061.31                                                     
           21.222    1052.49                                                     
           21.384    1043.21                                                     
           21.546    1031.07                                                     
           21.708    1013.69                                                     
           21.87     989.43                                                      
           22.032    955.92                                                      
           22.194    910.62                                                      
           22.356    852.94                                                      
           22.518    785.59                                                      
           22.68     712.19                                                      
           22.842    636.31                                                      
           23.004    560.79                                                      
           23.166    487.79                                                      
           23.328    419.84                                                      
           23.49     357.61                                                      
           23.652    302.02                                                      
           23.814    254.45                                                      
           23.976    215.27                                                      
           24.138    182.74                                                      
           24.3      155.18                                                      
           24.462    131.84                                                      
           24.624    111.96                                                      
           24.786    94.88                                                       
           24.948    80.31                                                       
           25.11     68.04                                                       
           25.272    57.64                                                       
           25.434    48.75                                                       
           25.596    41.2                                                        
           25.758    34.79                                                       
           25.92     29.35                                                       
           26.082    24.72                                                       
           26.244    20.84                                                       
           26.406    20.03                                                       
           26.568    20.03                                                       
           26.73     20.03                                                       
           26.892    20.03                                                       
           27.054    20.03                                                       
           27.216    20.03                                                       
           27.378    20.03                                                       
           27.54     20.03                                                       
           27.702    20.03                                                       
           27.864    20.03                                                       
           28.026    20.03                                                       
           28.188    20.03                                                       
           28.35     20.03                                                       
           28.512    20.03                                                       
           28.674    20.03                                                       
           28.836    20.03                                                       
           28.998    20.03                                                       
           29.16     20.03                                                       
           29.322    20.03                                                       
           29.484    20.03                                                       
           29.646    20.03                                                       
           29.808    20.03                                                       
 ENDTABLE                                                                        
 CRESTPRFL                                                                       
           0         614                                                         
           550       614.5                                                       
           1200      614.2                                                       
 ENDTABLE                                                                        
 STROUTE   604.1     580       ELEV                                              
 STRUCTURE SR1                                                                   
                     591                 250       76.6                          
                     593                           106.9                         
                     595                           142.8                         
                     597                           180.6                         
                     601                           262.7                         
                     605                           360.3                         
                     609                           456.9                         
                     613                           557.7                         
                     615                           607.7                         
 ENDTABLE                                                                        
 UPSTREAM  2.5       5.6                                                         
 DAMCREST  14        5.6                                                         
 DWNSTREAM 2.5       5.6       .8        2         5         .01                 
 CONDUIT   0.5       0.5       590       550                                     
 PSpINLET  0.7       18        604                                               
 PSpDATA   1    250  36                  .013      590       582.5     SC        
 PSpCOEFFS 0.6                                     3.1       6                   
 TAILWATER                                                                       
           581       0                                                           
           590       1000                                                        
           600       5000                                                        
           610       20000                                                       
 ENDTABLE                                                                        
 ASRATING  1Struct   0                                                           
           609       0                                                           
           610       310                                                         
           611       880                                                         
           612       1610                                                        
           613       2480                                                        
           614       3450                                                        
           615       4550                                                        
 ENDTABLE                                                                        
 OUTPUT    ALL                                                                   
 ENDRUN                                                                          


     ^^^^^ Warning: Entered stage-storage table is not sufficient for the requested run.
                      Volume set to zero at dam base and linear interpolation used.

----------------------------------------------------------------------------------------
Windows Dam Analysis Program     Execution Date - 09/14/2017
Program Date - 01/01/2009        Version Number - 2008.01.01      Time - 10:40:58
Input File - c:\workshop\15-IE-fastKd500.D2D                                                                                                                                                                                                                                 
----------------------------------------------------------------------------------------
********** Elevation Summary 1 *********************************************************
Dam Base Elevation:                             580.00 feet
Max Tailwater Elevation:                        602.71 feet
Prin Spwy Crest Elevation:                      604.00 feet
Start Routing Elevation:                        604.10 feet
Aux Spwy # 1 Crest Elevation:                   609.00 feet
Aux Spwy # 2 Crest Elevation:                     none
Aux Spwy # 3 Crest Elevation:                     none
Max Pool Elevation:                             604.10 feet
Initial Low Point in Dam Crest:                 614.00 feet
Ending Low Point in Dam Crest:                  614.00 feet
****************************************************************************************


********** Flow Summary 2 **************************************************************
Peak Inflow:                                 20008.950 cfs @     10.692 hours
Peak Outflow:                                 9077.225 cfs @     12.474 hours
Max Flow Principal Spwy:                         1.765 cfs @      0.000 hours
Max Flow Aux Spwy # 1:                           0.000 cfs @      0.000 hours
Max Flow Aux Spwy # 2:                            none
Max Flow Aux Spwy # 3:                            none
Maximum flow over top of dam:                    0.000 cfs @      0.000 hours
Duration of dam overtopping:                                      0.000 hours
Max unit discharge, low point or breach:       277.177 cfs/ft
Maximum internal erosion conduit flow:        9077.225 cfs
****************************************************************************************


********** Spillways Summary 3 *********************************************************
Principal Spillway Type:                    Single Stage Inlet, Circular Conduit    
Principal Spillway Crest Elev:                  604.00 feet
Prin. Spw. Weir Length:                          18.00 feet
Conduit Diameter:                                36.00 inches
Conduit Manning's n value:                       0.013
----------------------------------------------------------------------------------------
Aux Spwy #1 Label:                             Struct
Aux Spwy #1 Crest Elev:                         609.00 feet
Aux Spwy #1 Bottom Width:                         0.00 feet
Aux Spwy #1 Max Flow:                            0.000 cfs @      0.000 hours
Aux Spwy #1 Max Hp:                               0.00 feet
Aux Spwy #1 Erosion Analysis:                         none
----------------------------------------------------------------------------------------
Aux Spwy #2 Label:                                    none
Aux Spwy #2 Crest Elev:                               none
Aux Spwy #2 Bottom Width:                             none
Aux Spwy #2 Max Flow:                                 none
Aux Spwy #2 Max Hp:                                   none
Aux Spwy #2 Erosion Analysis:                         none
----------------------------------------------------------------------------------------
Aux Spwy #3 Label:                                    none
Aux Spwy #3 Crest Elev:                               none
Aux Spwy #3 Bottom Width:                             none
Aux Spwy #3 Max Flow:                                 none
Aux Spwy #3 Max Hp:                                   none
Aux Spwy #3 Erosion Analysis:                         none
****************************************************************************************


********** Overtopping Summary Table 4 *************************************************


     <<<<<<  Overtopping did not occur for this embankment.               >>>>>>


****************************************************************************************


********** Internal Erosion Summary Table 5 ********************************************
Dam Breach Analysis type:                                       Internal Erosion
Initial Conduit Elevation:                                590.00 feet
Initial Conduit Station:                                  550.00 feet
Initial Conduit Width:                                      0.50 feet
Initial Conduit Height:                                     0.50 feet
Max. Interal Erosion conduit flow:                       9077.225 cfs @     12.474 hours
Initial Low Point in Dam Crest Profile:                   614.00 feet
Maximum Pool Elevation:                                   604.10 feet @      0.000 hours
Ending Low Point in Dam Crest Profile:                    614.00 feet @      0.000 hours
****************************************************************************************


********** Drawdown Summary Table 6 ****************************************************


     <<<<<<  Drawdown calculation was not an option for this embankment.  >>>>>>


****************************************************************************************


No stress occurred on embankment face.



                                                   Hydrograph ID=FBH       

                                                      Hydrograph Routing
                     Principal Auxiliary Auxiliary Auxiliary            Internal           Reservoir
                     Spillway     Struct                       OverTop   Erosion     Total   Surface Tailwater
      Time    Inflow   Outflow   Outflow   Outflow   Outflow   Outflow   Outflow   Outflow Elevation Elevation
     (hrs)     (cfs)     (cfs)     (cfs)     (cfs)     (cfs)     (cfs)     (cfs)     (cfs)    (feet)    (feet)
     0.000      0.00      1.76      0.00                          0.00      1.45      3.22    604.10    581.03           @
     0.041      0.51      1.76      0.00                          0.00      5.13      6.89    604.10    581.06           @
     0.081      1.02      1.76      0.00                          0.00     17.12     18.88    604.10    581.17           @
     0.121      1.54      1.75      0.00                          0.00     52.30     54.06    604.10    581.49           @
     0.162      2.05      1.73      0.00                          0.00    141.66    143.39    604.10    582.29           @
     0.203      2.60      1.67      0.00                          0.00    334.43    336.10    604.10    584.02           @
     0.243      3.16      1.54      0.00                          0.00    680.41    681.95    604.09    587.14           @
     0.284      3.71      1.31      0.00                          0.00   1197.61   1198.92    604.08    590.50           @
     0.324      4.27      0.97      0.00                          0.00   1803.30   1804.27    604.07    592.01           @
     0.405      6.11      0.14      0.00                          0.00   3092.26   3092.40    604.02    595.23           @
     0.486      7.94      0.00      0.00                          0.00   4135.49   4135.49    603.95    597.84            
     0.648     13.49      0.00      0.00                          0.00   5238.82   5238.82    603.76    600.16            
     0.810     21.25      0.00      0.00                          0.00   5875.84   5875.84    603.53    600.58            
     0.972     31.43      0.00      0.00                          0.00   6007.97   6007.97    603.29    600.67            
     1.134     44.09      0.00      0.00                          0.00   6052.53   6052.53    603.03    600.70            
     1.296     59.20      0.00      0.00                          0.00   6035.56   6035.56    602.77    600.69            
     1.458     76.67      0.00      0.00                          0.00   5960.67   5960.67    602.51    600.64            
     1.620     96.30      0.00      0.00                          0.00   5860.83   5860.83    602.25    600.57            
     1.782    117.91      0.00      0.00                          0.00   5701.67   5701.67    601.98    600.48            
     1.944    141.29      0.00      0.00                          0.00   5543.62   5543.62    601.72    600.36            
     2.106    166.19      0.00      0.00                          0.00   5362.98   5362.98    601.47    600.24            
     2.268    192.41      0.00      0.00                          0.00   5182.90   5182.90    601.22    600.11            
     2.430    219.81      0.00      0.00                          0.00   4989.41   4989.41    600.97    599.97            
     2.592    248.29      0.00      0.00                          0.00   4895.24   4895.24    600.73    599.77            
     2.754    277.79      0.00      0.00                          0.00   4831.69   4831.69    600.49    599.57            
     2.916    308.26      0.00      0.00                          0.00   4763.45   4763.45    600.24    599.37            
     3.078    339.64      0.00      0.00                          0.00   4655.09   4655.09    600.00    599.16            
     3.240    371.89      0.00      0.00                          0.00   4579.05   4579.05    599.77    598.96            
     3.402    404.96      0.00      0.00                          0.00   4500.20   4500.20    599.53    598.75            
     3.564    438.77      0.00      0.00                          0.00   4418.89   4418.89    599.29    598.55            
     3.726    473.28      0.00      0.00                          0.00   4353.09   4353.09    599.06    598.34            
     3.888    508.43      0.00      0.00                          0.00   4250.47   4250.47    598.83    598.14            
     4.050    544.15      0.00      0.00                          0.00   4164.16   4164.16    598.60    597.93            
     4.212    580.38      0.00      0.00                          0.00   4094.09   4094.09    598.38    597.73            
     4.374    617.06      0.00      0.00                          0.00   4023.11   4023.11    598.15    597.53            
     4.536    654.15      0.00      0.00                          0.00   3917.62   3917.62    597.93    597.33            
     4.698    691.60      0.00      0.00                          0.00   3845.91   3845.91    597.71    597.13            
     4.860    729.37      0.00      0.00                          0.00   3773.98   3773.98    597.50    596.94            
     5.022    767.42      0.00      0.00                          0.00   3685.53   3685.53    597.29    596.75            
     5.184    805.71      0.00      0.00                          0.00   3630.16   3630.16    597.08    596.55            
     5.346    844.21      0.00      0.00                          0.00   3558.66   3558.66    596.87    596.36            
     5.508    883.01      0.00      0.00                          0.00   3471.90   3471.90    596.67    596.18            
     5.670    922.40      0.00      0.00                          0.00   3402.06   3402.06    596.47    596.00            
     5.832    962.86      0.00      0.00                          0.00   3317.66   3317.66    596.28    595.82            
     5.994   1005.06      0.00      0.00                          0.00   3250.22   3250.22    596.10    595.65            
     6.156   1049.89      0.00      0.00                          0.00   3183.81   3183.81    595.91    595.48            
     6.318   1098.50      0.00      0.00                          0.00   3134.06   3134.06    595.74    595.32            
     6.480   1151.90      0.00      0.00                          0.00   3070.79   3070.79    595.57    595.16            
     6.642   1210.65      0.00      0.00                          0.00   3009.36   3009.36    595.40    595.01            
     6.804   1274.77      0.00      0.00                          0.00   2935.31   2935.31    595.25    594.87            
     6.966   1343.90      0.00      0.00                          0.00   2892.97   2892.97    595.10    594.73            
     7.128   1417.62      0.00      0.00                          0.00   2852.57   2852.57    594.96    594.60            
     7.290   1495.44      0.00      0.00                          0.00   2800.33   2800.33    594.83    594.48            
     7.452   1577.05      0.00      0.00                          0.00   2736.87   2736.87    594.71    594.37            
     7.614   1662.99      0.00      0.00                          0.00   2718.71   2718.71    594.61    594.27            
     7.776   1754.86      0.00      0.00                          0.00   2661.20   2661.20    594.51    594.18            
     7.938   1854.94      0.00      0.00                          0.00   2648.98   2648.98    594.42    594.10            
     8.100   1966.14      0.00      0.00                          0.00   2611.91   2611.91    594.35    594.04            
     8.262   2091.90      0.00      0.00                          0.00   2592.49   2592.49    594.29    593.98            
     8.424   2236.09      0.00      0.00                          0.00   2576.95   2576.95    594.25    593.94            
     8.586   2404.24      0.00      0.00                          0.00   2579.72   2579.72    594.22    593.92            
     8.748   2603.67      0.00      0.00                          0.00   2573.87   2573.87    594.22    593.92            
     8.910   2852.99      0.00      0.00                          0.00   2573.97   2573.97    594.23    593.93            
     9.072   3236.61      0.00      0.00                          0.00   2582.59   2582.59    594.28    593.98            
     9.234   3969.87      0.00      0.00                          0.00   2619.91   2619.91    594.38    594.08            
     9.396   5171.58      0.00      0.00                          0.00   2711.60   2711.60    594.57    594.27            
     9.558   6780.08      0.00      0.00                          0.00   2824.67   2824.67    594.88    594.56            
     9.720   8811.47      0.00      0.00                          0.00   2997.62   2997.62    595.33    595.00            
     9.882  11291.61      0.00      0.00                          0.00   3239.08   3239.08    595.93    595.58            
    10.044  14009.39      0.00      0.00                          0.00   3501.08   3501.08    596.68    596.30            
    10.206  16477.03      0.00      0.00                          0.00   3828.14   3828.14    597.52    597.12            
    10.368  18343.15      0.00      0.00                          0.00   4187.55   4187.55    598.42    597.98            
    10.530  19510.00      0.00      0.00                          0.00   4540.78   4540.78    599.31    598.85            
    10.692  20008.95      0.00      0.00                          0.00   4869.67   4869.67    600.16    599.68            
    10.854  19962.27      0.00      0.00                          0.00   5552.37   5552.37    600.94    600.37            
    11.016  19374.39      0.00      0.00                          0.00   6364.07   6364.07    601.62    600.92            
    11.178  18418.29      0.00      0.00                          0.00   7049.63   7049.63    602.19    601.38            
    11.340  17208.44      0.00      0.00                          0.00   7644.00   7644.00    602.66    601.76            
    11.502  15720.40      0.00      0.00                          0.00   8099.37   8099.37    603.04    602.07            
    11.664  14046.82      0.00      0.00                          0.00   8462.36   8462.36    603.32    602.31            
    11.826  12475.51      0.00      0.00                          0.00   8693.54   8693.54    603.51    602.48            
    11.988  11164.77      0.00      0.00                          0.00   8890.50   8890.50    603.64    602.59            
    12.150  10045.39      0.00      0.00                          0.00   9024.52   9024.52    603.70    602.67            
    12.312   9072.22      0.00      0.00                          0.00   9028.95   9028.95    603.73    602.71            
    12.474   8237.55      0.00      0.00                          0.00   9077.22   9077.22    603.71    602.71            
    12.636   7498.24      0.00      0.00                          0.00   9034.48   9034.48    603.66    602.69            
    12.798   6822.66      0.00      0.00                          0.00   8971.88   8971.88    603.59    602.64            
    12.960   6226.47      0.00      0.00                          0.00   8856.40   8856.40    603.49    602.57            
    13.122   5713.40      0.00      0.00                          0.00   8725.41   8725.41    603.37    602.49            
    13.284   5259.68      0.00      0.00                          0.00   8616.79   8616.79    603.24    602.39            
    13.446   4856.00      0.00      0.00                          0.00   8426.60   8426.60    603.09    602.28            
    13.608   4497.88      0.00      0.00                          0.00   8262.27   8262.27    602.93    602.16            
    13.770   4180.52      0.00      0.00                          0.00   8020.50   8020.50    602.77    602.04            
    13.932   3893.07      0.00      0.00                          0.00   7843.00   7843.00    602.59    601.90            
    14.094   3639.11      0.00      0.00                          0.00   7625.68   7625.68    602.42    601.76            
    14.256   3414.20      0.00      0.00                          0.00   7439.62   7439.62    602.24    601.61            
    14.418   3212.11      0.00      0.00                          0.00   7216.57   7216.57    602.05    601.46            
    14.580   3032.03      0.00      0.00                          0.00   6958.58   6958.58    601.87    601.31            
    14.742   2871.29      0.00      0.00                          0.00   6734.64   6734.64    601.68    601.16            
    14.904   2725.09      0.00      0.00                          0.00   6511.39   6511.39    601.49    601.01            
    15.066   2593.97      0.00      0.00                          0.00   6256.20   6256.20    601.31    600.86            
    15.228   2475.93      0.00      0.00                          0.00   6036.40   6036.40    601.13    600.70            
    15.390   2371.16      0.00      0.00                          0.00   5818.65   5818.65    600.95    600.55            
    15.552   2276.01      0.00      0.00                          0.00   5636.01   5636.01    600.78    600.40            
    15.714   2188.82      0.00      0.00                          0.00   5391.74   5391.74    600.61    600.26            
    15.876   2112.57      0.00      0.00                          0.00   5151.81   5151.81    600.44    600.12            
    16.038   2043.22      0.00      0.00                          0.00   4979.10   4979.10    600.28    599.98            
    16.200   1977.17      0.00      0.00                          0.00   4933.14   4933.14    600.12    599.82            
    16.362   1913.76      0.00      0.00                          0.00   4886.04   4886.04    599.96    599.66            
    16.524   1852.44      0.00      0.00                          0.00   4807.36   4807.36    599.79    599.51            
    16.686   1792.93      0.00      0.00                          0.00   4758.33   4758.33    599.63    599.34            
    16.848   1735.03      0.00      0.00                          0.00   4648.49   4648.49    599.46    599.18            
    17.010   1678.94      0.00      0.00                          0.00   4598.65   4598.65    599.29    599.01            
    17.172   1626.62      0.00      0.00                          0.00   4518.34   4518.34    599.11    598.84            
    17.334   1581.90      0.00      0.00                          0.00   4496.06   4496.06    598.94    598.67            
    17.496   1541.52      0.00      0.00                          0.00   4385.94   4385.94    598.76    598.50            
    17.658   1502.55      0.00      0.00                          0.00   4334.06   4334.06    598.59    598.33            
    17.820   1464.85      0.00      0.00                          0.00   4281.40   4281.40    598.41    598.15            
    17.982   1428.33      0.00      0.00                          0.00   4200.24   4200.24    598.23    597.98            
    18.144   1393.15      0.00      0.00                          0.00   4119.55   4119.55    598.05    597.80            
    18.306   1359.58      0.00      0.00                          0.00   4066.04   4066.04    597.86    597.62            
    18.468   1327.90      0.00      0.00                          0.00   3959.12   3959.12    597.68    597.45            
    18.630   1298.33      0.00      0.00                          0.00   3905.69   3905.69    597.50    597.27            
    18.792   1270.99      0.00      0.00                          0.00   3826.27   3826.27    597.32    597.09            
    18.954   1245.91      0.00      0.00                          0.00   3772.82   3772.82    597.13    596.91            
    19.116   1223.06      0.00      0.00                          0.00   3693.98   3693.98    596.95    596.73            
    19.278   1202.33      0.00      0.00                          0.00   3615.98   3615.98    596.77    596.55            
    19.440   1183.55      0.00      0.00                          0.00   3538.91   3538.91    596.58    596.37            
    19.602   1166.55      0.00      0.00                          0.00   3462.67   3462.67    596.40    596.20            
    19.764   1151.13      0.00      0.00                          0.00   3411.12   3411.12    596.22    596.02            
    19.926   1137.04      0.00      0.00                          0.00   3336.21   3336.21    596.04    595.84            
    20.088   1124.05      0.00      0.00                          0.00   3285.19   3285.19    595.85    595.66            
    20.250   1112.00      0.00      0.00                          0.00   3211.93   3211.93    595.67    595.49            
    20.412   1100.72      0.00      0.00                          0.00   3117.25   3117.25    595.49    595.31            
    20.574   1090.10      0.00      0.00                          0.00   3046.54   3046.54    595.32    595.14            
    20.736   1080.04      0.00      0.00                          0.00   2977.17   2977.17    595.14    594.97            
    20.898   1070.47      0.00      0.00                          0.00   2908.97   2908.97    594.97    594.80            
    21.060   1061.31      0.00      0.00                          0.00   2841.96   2841.96    594.79    594.63            
    21.222   1052.49      0.00      0.00                          0.00   2776.21   2776.21    594.62    594.46            
    21.384   1043.21      0.00      0.00                          0.00   2731.79   2731.79    594.45    594.30            
    21.546   1031.07      0.00      0.00                          0.00   2647.73   2647.73    594.29    594.13            
    21.708   1013.69      0.00      0.00                          0.00   2585.37   2585.37    594.12    593.97            
    21.870    989.43      0.00      0.00                          0.00   2523.85   2523.85    593.95    593.81            
    22.032    955.92      0.00      0.00                          0.00   2444.06   2444.06    593.79    593.65            
    22.194    910.62      0.00      0.00                          0.00   2384.22   2384.22    593.62    593.49            
    22.356    852.94      0.00      0.00                          0.00   2324.12   2324.12    593.45    593.32            
    22.518    785.59      0.00      0.00                          0.00   2263.81   2263.81    593.28    593.15            
    22.680    712.19      0.00      0.00                          0.00   2185.03   2185.03    593.10    592.98            
    22.842    636.31      0.00      0.00                          0.00   2106.57   2106.57    592.91    592.80            
    23.004    560.79      0.00      0.00                          0.00   2045.35   2045.35    592.72    592.61            
    23.166    487.79      0.00      0.00                          0.00   1983.42   1983.42    592.53    592.42            
    23.328    419.84      0.00      0.00                          0.00   1904.76   1904.76    592.32    592.22            
    23.490    357.61      0.00      0.00                          0.00   1811.22   1811.22    592.12    592.02            
    23.652    302.02      0.00      0.00                          0.00   1719.68   1719.68    591.91    591.82            
    23.814    254.45      0.00      0.00                          0.00   1645.29   1645.29    591.70    591.61            
    23.976    215.27      0.00      0.00                          0.00   1572.10   1572.10    591.48    591.40            
    24.138    182.74      0.00      0.00                          0.00   1486.41   1486.41    591.27    591.19            
    24.300    155.18      0.00      0.00                          0.00   1403.30   1403.30    591.05    590.98            
    24.462    131.84      0.00      0.00                          0.00   1184.20   1184.20    590.49    590.44            
    24.624    111.96      0.00      0.00                          0.00    983.52    983.52    589.92    589.88            
    24.786     94.88      0.00      0.00                          0.00    921.08    921.08    589.42    589.38            
    24.948     80.31      0.00      0.00                          0.00    872.57    872.57    588.94    588.90            
    25.110     68.04      0.00      0.00                          0.00    825.59    825.59    588.49    588.45            
    25.272     57.64      0.00      0.00                          0.00    780.34    780.34    588.05    588.01            
    25.434     48.75      0.00      0.00                          0.00    729.29    729.29    587.64    587.60            
    25.596     41.20      0.00      0.00                          0.00    696.04    696.04    587.25    587.21            
    25.758     34.79      0.00      0.00                          0.00    643.37    643.37    586.87    586.83            
    25.920     29.35      0.00      0.00                          0.00    613.80    613.80    586.52    586.48            
    26.082     24.72      0.00      0.00                          0.00    567.69    567.69    586.19    586.15            
    26.244     20.84      0.00      0.00                          0.00    536.19    536.19    585.88    585.84            
    26.406     20.03      0.00      0.00                          0.00    506.47    506.47    585.58    585.54            
    26.568     20.03      0.00      0.00                          0.00    478.65    478.65    585.31    585.27            
    26.730     20.03      0.00      0.00                          0.00    448.30    448.30    585.04    585.01            
    26.892     20.03      0.00      0.00                          0.00    416.32    416.32    584.80    584.77            
    27.054     20.03      0.00      0.00                          0.00    394.68    394.68    584.57    584.54            
    27.216     20.03      0.00      0.00                          0.00    367.60    367.60    584.36    584.33            
    27.378     20.03      0.00      0.00                          0.00    346.14    346.14    584.16    584.13            
    27.540     20.03      0.00      0.00                          0.00    329.28    329.28    583.98    583.94            
    27.702     20.03      0.00      0.00                          0.00    307.81    307.81    583.80    583.77            
    27.864     20.03      0.00      0.00                          0.00    288.23    288.23    583.64    583.61            
    28.026     20.03      0.00      0.00                          0.00    272.80    272.80    583.48    583.45            
    28.188     20.03      0.00      0.00                          0.00    256.10    256.10    583.34    583.31            
    28.350     20.03      0.00      0.00                          0.00    240.85    240.85    583.21    583.18            
    28.512     20.03      0.00      0.00                          0.00    228.85    228.85    583.08    583.05            
    28.674     20.03      0.00      0.00                          0.00    213.87    213.87    582.96    582.93            
    28.836     20.03      0.00      0.00                          0.00    203.81    203.81    582.85    582.82            
    28.998     20.03      0.00      0.00                          0.00    191.03    191.03    582.74    582.72            
    29.160     20.03      0.00      0.00                          0.00    179.37    179.37    582.65    582.62            
    29.322     20.03      0.00      0.00                          0.00    170.23    170.23    582.56    582.53            
    29.484     20.03      0.00      0.00                          0.00    160.31    160.31    582.47    582.45            
    29.646     20.03      0.00      0.00                          0.00    152.59    152.59    582.39    582.37            
    29.808     20.03      0.00      0.00                          0.00    144.10    144.10    582.31    582.29            
    29.970     20.03      0.00      0.00                          0.00    135.05    135.05    582.24    582.22            
    30.132     20.03      0.00      0.00                          0.00    127.96    127.96    582.18    582.16            
    30.294     20.03      0.00      0.00                          0.00    122.57    122.57    582.12    582.10            
    30.456     20.03      0.00      0.00                          0.00    116.42    116.42    582.06    582.04            
    30.618     20.03      0.00      0.00                          0.00    109.66    109.66    582.00    581.98            
    30.780     20.03      0.00      0.00                          0.00    104.48    104.48    581.95    581.93            
    30.942     20.03      0.00      0.00                          0.00     99.63     99.63    581.90    581.89            
    31.104     20.03      0.00      0.00                          0.00     93.24     93.24    581.86    581.84            
    31.266     20.03      0.00      0.00                          0.00     89.19     89.19    581.82    581.80            
    31.428     20.03      0.00      0.00                          0.00     84.53     84.53    581.78    581.76            
    31.590     20.03      0.00      0.00                          0.00     81.04     81.04    581.74    581.73            
    31.752     20.03      0.00      0.00                          0.00     76.94     76.94    581.71    581.69            
    31.914     20.03      0.00      0.00                          0.00     73.11     73.11    581.67    581.66            
    32.076     20.03      0.00      0.00                          0.00     70.32     70.32    581.64    581.63            
    32.238     20.03      0.00      0.00                          0.00     66.94     66.94    581.61    581.60            
    32.400     20.03      0.00      0.00                          0.00     64.52     64.52    581.59    581.58            
    32.562     20.03      0.00      0.00                          0.00     62.25     62.25    581.56    581.55            
    32.724     20.03      0.00      0.00                          0.00     57.93     57.93    581.54    581.53            
    32.886     20.03      0.00      0.00                          0.00     56.70     56.70    581.52    581.51            
    33.048     20.03      0.00      0.00                          0.00     54.14     54.14    581.50    581.49            
    33.210     20.03      0.00      0.00                          0.00     52.40     52.40    581.48    581.47            
    33.372     20.03      0.00      0.00                          0.00     50.09     50.09    581.46    581.45            
    33.534     20.03      0.00      0.00                          0.00     48.54     48.54    581.44    581.43            
    33.696     20.03      0.00      0.00                          0.00     46.43     46.43    581.42    581.42            
    33.858     20.03      0.00      0.00                          0.00     44.42     44.42    581.41    581.40            


                              Spillway and Overtop Discharge Rating
   Elevation  Prin. Spw.      Struct                             OverTop       Total     TW Elev
      591.00       0.000       0.000                               0.000       0.000      580.00
      591.10       0.000       0.000                               0.000       0.000      580.00
      591.20       0.000       0.000                               0.000       0.000      580.00
      591.30       0.000       0.000                               0.000       0.000      580.00
      591.40       0.000       0.000                               0.000       0.000      580.00
      591.50       0.000       0.000                               0.000       0.000      580.00
      591.60       0.000       0.000                               0.000       0.000      580.00
      591.70       0.000       0.000                               0.000       0.000      580.00
      591.80       0.000       0.000                               0.000       0.000      580.00
      591.90       0.000       0.000                               0.000       0.000      580.00
      592.00       0.000       0.000                               0.000       0.000      580.00
      592.10       0.000       0.000                               0.000       0.000      580.00
      592.20       0.000       0.000                               0.000       0.000      580.00
      592.30       0.000       0.000                               0.000       0.000      580.00
      592.40       0.000       0.000                               0.000       0.000      580.00
      592.50       0.000       0.000                               0.000       0.000      580.00
      592.60       0.000       0.000                               0.000       0.000      580.00
      592.70       0.000       0.000                               0.000       0.000      580.00
      592.80       0.000       0.000                               0.000       0.000      580.00
      592.90       0.000       0.000                               0.000       0.000      580.00
      593.00       0.000       0.000                               0.000       0.000      580.00
      593.10       0.000       0.000                               0.000       0.000      580.00
      593.20       0.000       0.000                               0.000       0.000      580.00
      593.30       0.000       0.000                               0.000       0.000      580.00
      593.40       0.000       0.000                               0.000       0.000      580.00
      593.50       0.000       0.000                               0.000       0.000      580.00
      593.60       0.000       0.000                               0.000       0.000      580.00
      593.70       0.000       0.000                               0.000       0.000      580.00
      593.80       0.000       0.000                               0.000       0.000      580.00
      593.90       0.000       0.000                               0.000       0.000      580.00
      594.00       0.000       0.000                               0.000       0.000      580.00
      594.10       0.000       0.000                               0.000       0.000      580.00
      594.20       0.000       0.000                               0.000       0.000      580.00
      594.30       0.000       0.000                               0.000       0.000      580.00
      594.40       0.000       0.000                               0.000       0.000      580.00
      594.50       0.000       0.000                               0.000       0.000      580.00
      594.60       0.000       0.000                               0.000       0.000      580.00
      594.70       0.000       0.000                               0.000       0.000      580.00
      594.80       0.000       0.000                               0.000       0.000      580.00
      594.90       0.000       0.000                               0.000       0.000      580.00
      595.00       0.000       0.000                               0.000       0.000      580.00
      595.10       0.000       0.000                               0.000       0.000      580.00
      595.20       0.000       0.000                               0.000       0.000      580.00
      595.30       0.000       0.000                               0.000       0.000      580.00
      595.40       0.000       0.000                               0.000       0.000      580.00
      595.50       0.000       0.000                               0.000       0.000      580.00
      595.60       0.000       0.000                               0.000       0.000      580.00
      595.70       0.000       0.000                               0.000       0.000      580.00
      595.80       0.000       0.000                               0.000       0.000      580.00
      595.90       0.000       0.000                               0.000       0.000      580.00
      596.00       0.000       0.000                               0.000       0.000      580.00
      596.10       0.000       0.000                               0.000       0.000      580.00
      596.20       0.000       0.000                               0.000       0.000      580.00
      596.30       0.000       0.000                               0.000       0.000      580.00
      596.40       0.000       0.000                               0.000       0.000      580.00
      596.50       0.000       0.000                               0.000       0.000      580.00
      596.60       0.000       0.000                               0.000       0.000      580.00
      596.70       0.000       0.000                               0.000       0.000      580.00
      596.80       0.000       0.000                               0.000       0.000      580.00
      596.90       0.000       0.000                               0.000       0.000      580.00
      597.00       0.000       0.000                               0.000       0.000      580.00
      597.10       0.000       0.000                               0.000       0.000      580.00
      597.20       0.000       0.000                               0.000       0.000      580.00
      597.30       0.000       0.000                               0.000       0.000      580.00
      597.40       0.000       0.000                               0.000       0.000      580.00
      597.50       0.000       0.000                               0.000       0.000      580.00
      597.60       0.000       0.000                               0.000       0.000      580.00
      597.70       0.000       0.000                               0.000       0.000      580.00
      597.80       0.000       0.000                               0.000       0.000      580.00
      597.90       0.000       0.000                               0.000       0.000      580.00
      598.00       0.000       0.000                               0.000       0.000      580.00
      598.10       0.000       0.000                               0.000       0.000      580.00
      598.20       0.000       0.000                               0.000       0.000      580.00
      598.30       0.000       0.000                               0.000       0.000      580.00
      598.40       0.000       0.000                               0.000       0.000      580.00
      598.50       0.000       0.000                               0.000       0.000      580.00
      598.60       0.000       0.000                               0.000       0.000      580.00
      598.70       0.000       0.000                               0.000       0.000      580.00
      598.80       0.000       0.000                               0.000       0.000      580.00
      598.90       0.000       0.000                               0.000       0.000      580.00
      599.00       0.000       0.000                               0.000       0.000      580.00
      599.10       0.000       0.000                               0.000       0.000      580.00
      599.20       0.000       0.000                               0.000       0.000      580.00
      599.30       0.000       0.000                               0.000       0.000      580.00
      599.40       0.000       0.000                               0.000       0.000      580.00
      599.50       0.000       0.000                               0.000       0.000      580.00
      599.60       0.000       0.000                               0.000       0.000      580.00
      599.70       0.000       0.000                               0.000       0.000      580.00
      599.80       0.000       0.000                               0.000       0.000      580.00
      599.90       0.000       0.000                               0.000       0.000      580.00
      600.00       0.000       0.000                               0.000       0.000      580.00
      600.10       0.000       0.000                               0.000       0.000      580.00
      600.20       0.000       0.000                               0.000       0.000      580.00
      600.30       0.000       0.000                               0.000       0.000      580.00
      600.40       0.000       0.000                               0.000       0.000      580.00
      600.50       0.000       0.000                               0.000       0.000      580.00
      600.60       0.000       0.000                               0.000       0.000      580.00
      600.70       0.000       0.000                               0.000       0.000      580.00
      600.80       0.000       0.000                               0.000       0.000      580.00
      600.90       0.000       0.000                               0.000       0.000      580.00
      601.00       0.000       0.000                               0.000       0.000      580.00
      601.10       0.000       0.000                               0.000       0.000      580.00
      601.20       0.000       0.000                               0.000       0.000      580.00
      601.30       0.000       0.000                               0.000       0.000      580.00
      601.40       0.000       0.000                               0.000       0.000      580.00
      601.50       0.000       0.000                               0.000       0.000      580.00
      601.60       0.000       0.000                               0.000       0.000      580.00
      601.70       0.000       0.000                               0.000       0.000      580.00
      601.80       0.000       0.000                               0.000       0.000      580.00
      601.90       0.000       0.000                               0.000       0.000      580.00
      602.00       0.000       0.000                               0.000       0.000      580.00
      602.10       0.000       0.000                               0.000       0.000      580.00
      602.20       0.000       0.000                               0.000       0.000      580.00
      602.30       0.000       0.000                               0.000       0.000      580.00
      602.40       0.000       0.000                               0.000       0.000      580.00
      602.50       0.000       0.000                               0.000       0.000      580.00
      602.60       0.000       0.000                               0.000       0.000      580.00
      602.70       0.000       0.000                               0.000       0.000      580.00
      602.80       0.000       0.000                               0.000       0.000      580.00
      602.90       0.000       0.000                               0.000       0.000      580.00
      603.00       0.000       0.000                               0.000       0.000      580.00
      603.10       0.000       0.000                               0.000       0.000      580.00
      603.20       0.000       0.000                               0.000       0.000      580.00
      603.30       0.000       0.000                               0.000       0.000      580.00
      603.40       0.000       0.000                               0.000       0.000      580.00
      603.50       0.000       0.000                               0.000       0.000      580.00
      603.60       0.000       0.000                               0.000       0.000      580.00
      603.70       0.000       0.000                               0.000       0.000      580.00
      603.80       0.000       0.000                               0.000       0.000      580.00
      603.90       0.000       0.000                               0.000       0.000      580.00
      604.00       0.000       0.000                               0.000       0.000      580.00
      604.10       1.765       0.000                               0.000       1.765      580.00
      604.20       4.991       0.000                               0.000       4.991      580.00
      604.30       9.169       0.000                               0.000       9.169      580.00
      604.40      14.116       0.000                               0.000      14.116      580.00
      604.50      19.728       0.000                               0.000      19.728      580.00
      604.60      25.933       0.000                               0.000      25.933      580.00
      604.70      32.680       0.000                               0.000      32.680      580.00
      604.80      39.927       0.000                               0.000      39.927      580.00
      604.90      47.643       0.000                               0.000      47.643      580.00
      605.00      55.800       0.000                               0.000      55.800      580.00
      605.10      64.376       0.000                               0.000      64.376      580.00
      605.20      73.351       0.000                               0.000      73.351      580.00
      605.30      82.708       0.000                               0.000      82.708      580.00
      605.40      92.433       0.000                               0.000      92.433      580.00
      605.50     102.511       0.000                               0.000     102.511      580.00
      605.60     112.931       0.000                               0.000     112.931      580.00
      605.70     123.682       0.000                               0.000     123.682      580.00
      605.80     128.653       0.000                               0.000     128.653      580.00
      605.90     129.102       0.000                               0.000     129.102      580.00
      606.00     129.549       0.000                               0.000     129.549      580.00
      606.10     129.995       0.000                               0.000     129.995      580.00
      606.20     130.440       0.000                               0.000     130.440      580.00
      606.30     130.883       0.000                               0.000     130.883      580.00
      606.40     131.324       0.000                               0.000     131.324      580.00
      606.50     131.764       0.000                               0.000     131.764      580.00
      606.60     132.202       0.000                               0.000     132.202      580.00
      606.70     132.639       0.000                               0.000     132.639      580.00
      606.80     133.075       0.000                               0.000     133.075      580.00
      606.90     133.509       0.000                               0.000     133.509      580.00
      607.00     133.942       0.000                               0.000     133.942      580.00
      607.10     134.373       0.000                               0.000     134.373      580.00
      607.20     134.803       0.000                               0.000     134.803      580.00
      607.30     135.232       0.000                               0.000     135.232      580.00
      607.40     135.659       0.000                               0.000     135.659      580.00
      607.50     136.085       0.000                               0.000     136.085      580.00
      607.60     136.510       0.000                               0.000     136.510      580.00
      607.70     136.933       0.000                               0.000     136.933      580.00
      607.80     137.355       0.000                               0.000     137.355      580.00
      607.90     137.776       0.000                               0.000     137.776      580.00
      608.00     138.195       0.000                               0.000     138.195      580.00
      608.10     138.613       0.000                               0.000     138.613      580.00
      608.20     139.030       0.000                               0.000     139.030      580.00
      608.30     139.446       0.000                               0.000     139.446      580.00
      608.40     139.860       0.000                               0.000     139.860      580.00
      608.50     140.273       0.000                               0.000     140.273      580.00
      608.60     140.685       0.000                               0.000     140.685      580.00
      608.70     141.096       0.000                               0.000     141.096      580.00
      608.80     141.506       0.000                               0.000     141.506      580.00
      608.90     141.914       0.000                               0.000     141.914      580.00
      609.00     142.321       0.000                               0.000     142.321      580.00
      609.10     142.727      31.000                               0.000     173.727      580.00
      609.20     143.132      62.000                               0.000     205.132      580.00
      609.30     143.536      93.000                               0.000     236.536      580.00
      609.40     143.939     124.000                               0.000     267.939      580.00
      609.50     144.340     155.000                               0.000     299.340      580.00
      609.60     144.741     186.000                               0.000     330.741      580.00
      609.70     145.140     217.000                               0.000     362.140      580.00
      609.80     145.538     248.000                               0.000     393.538      580.00
      609.90     145.935     279.000                               0.000     424.935      580.00
      610.00     146.331     310.000                               0.000     456.331      580.00
      610.10     146.726     367.000                               0.000     513.726      580.00
      610.20     147.120     424.000                               0.000     571.120      580.00
      610.30     147.513     481.000                               0.000     628.513      580.00
      610.40     147.905     538.000                               0.000     685.905      580.00
      610.50     148.295     595.000                               0.000     743.295      580.00
      610.60     148.685     652.000                               0.000     800.685      580.00
      610.70     149.074     709.000                               0.000     858.074      580.00
      610.80     149.462     766.000                               0.000     915.462      580.00
      610.90     149.848     823.000                               0.000     972.848      580.00
      611.00     150.234     880.000                               0.000    1030.234      580.00
      611.10     150.619     953.000                               0.000    1103.619      580.00
      611.20     151.002    1026.000                               0.000    1177.002      580.00
      611.30     151.385    1099.000                               0.000    1250.385      580.00
      611.40     151.767    1172.000                               0.000    1323.767      580.00
      611.50     152.148    1245.000                               0.000    1397.148      580.00
      611.60     152.528    1318.000                               0.000    1470.528      580.00
      611.70     152.907    1391.000                               0.000    1543.907      580.00
      611.80     153.285    1464.000                               0.000    1617.285      580.00
      611.90     153.662    1537.000                               0.000    1690.662      580.00
      612.00     154.038    1610.000                               0.000    1764.038      580.00
      612.10     154.413    1697.000                               0.000    1851.413      580.00
      612.20     154.788    1784.000                               0.000    1938.788      580.00
      612.30     155.161    1871.000                               0.000    2026.161      580.00
      612.40     155.534    1958.000                               0.000    2113.534      580.00
      612.50     155.905    2045.000                               0.000    2200.905      580.00
      612.60     156.276    2132.000                               0.000    2288.276      580.00
      612.70     156.646    2219.000                               0.000    2375.646      580.00
      612.80     157.015    2306.000                               0.000    2463.015      580.00
      612.90     157.383    2393.000                               0.000    2550.383      580.00
      613.00     157.750    2480.000                               0.000    2637.750      580.00
      613.10     158.117    2577.000                               0.000    2735.117      580.00
      613.20     158.482    2674.000                               0.000    2832.482      580.00
      613.30     158.847    2771.000                               0.000    2929.847      580.00
      613.40     159.211    2868.000                               0.000    3027.211      580.00
      613.50     159.574    2965.000                               0.000    3124.574      580.00
      613.60     159.936    3062.000                               0.000    3221.936      580.00
      613.70     160.298    3159.000                               0.000    3319.298      580.00
      613.80     160.658    3256.000                               0.000    3416.658      580.00
      613.90     161.018    3353.000                               0.000    3514.018      580.00
      614.00     161.377    3450.000                               0.000    3611.377      580.00
      614.10     161.735    3560.000                               0.160    3721.895      580.00
      614.20     162.093    3670.000                               1.447    3833.540      580.00
      614.30     162.449    3780.000                               5.476    3947.926      580.00
      614.40     162.805    3890.000                              15.605    4068.410      580.00
      614.50     163.160    4000.000                              35.811    4198.971      580.00
      614.60     163.515    4110.000                             104.551    4378.066      580.00
      614.70     163.868    4220.000                             214.436    4598.305      580.00
      614.80     164.221    4330.000                             393.042    4887.263      580.00
      614.90     164.573    4440.000                             628.673    5233.246      580.00
      615.00     164.924    4550.000                             896.448    5611.372      580.00
      615.10     165.275    4660.000                            1332.138    6157.413      580.00
      615.20     165.625    4770.000                            1867.822    6803.446      580.00
      615.30     165.974    4880.000                            2430.673    7476.646      580.00
      615.40     166.322    4990.000                            3019.294    8175.616      580.00
      615.50     166.670    5100.000                            3631.263    8897.932      580.00
      615.60     167.016    5210.000                            4264.971    9641.988      580.00
      615.70     167.363    5320.000                            4921.339   10408.702      580.00
      615.80     167.708    5430.000                            5597.362   11195.070      580.00
      615.90     168.053    5540.000                            6295.347   12003.399      580.00
      616.00     168.397    5650.000                            7012.670   12831.067      580.00
      616.10     168.740    5760.000                            7748.348   13677.088      580.00
      616.20     169.083    5870.000                            8506.320   14545.403      580.00
      616.30     169.425    5980.000                            9279.441   15428.866      580.00
      616.40     169.766    6090.000                           10073.485   16333.251      580.00
      616.50     170.106    6200.000                           10885.994   17256.101      580.00
      616.60     170.446    6310.000                           11715.605   18196.052      580.00
      616.70     170.786    6420.000                           12563.427   19154.212      580.00
      616.80     171.124    6530.000                           13427.554   20128.678      580.00
      616.90     171.462    6640.000                           14309.007   21120.468      580.00
      617.00     171.799    6750.000                           15207.790   22129.589      580.00
      617.10     172.136    6860.000                           16121.459   23153.595      580.00
      617.20     172.472    6970.000                           17052.656   24195.127      580.00
      617.30     172.807    7080.000                           17999.793   25252.600      580.00
      617.40     173.141    7190.000                           18961.437   26324.578      580.00
      617.50     173.475    7300.000                           19939.137   27412.612      580.00
      617.60     173.809    7410.000                           20931.137   28514.945      580.00
      617.70     174.141    7520.000                           21938.647   29632.788      580.00
      617.80     174.473    7630.000                           22960.820   30765.293      580.00
      617.90     174.805    7740.000                           23997.667   31912.472      580.00
      618.00     175.135    7850.000                           25048.434   33073.569      580.00
      618.10     175.465    7960.000                           26112.955   34248.421      580.00
      618.20     175.795    8070.000                           27191.689   35437.484      580.00
      618.30     176.124    8180.000                           28285.555   36641.678      580.00
      618.40     176.452    8290.000                           29392.418   37858.870      580.00
      618.50     176.780    8400.000                           30512.220   39089.000      580.00
      618.60     177.107    8510.000                           31644.991   40332.098      580.00
      618.70     177.433    8620.000                           32791.022   41588.455      580.00
      618.80     177.759    8730.000                           33950.999   42858.759      580.00
      618.90     178.084    8840.000                           35123.596   44141.681      580.00
      619.00     178.409    8950.000                           36308.001   45436.410      580.00
      619.10     178.733    9060.000                           37507.363   46746.097      580.00
      619.20     179.057    9170.000                           38717.142   48066.199      580.00
      619.30     179.380    9280.000                           39938.301   49397.680      580.00
      619.40     179.702    9390.000                           41174.436   50744.138      580.00
      619.50     180.024    9500.000                           42420.142   52100.166      580.00
      619.60     180.345    9610.000                           43679.141   53469.486      580.00
      619.70     180.666    9720.000                           44951.073   54851.739      580.00
      619.80     180.986    9830.000                           46232.932   56243.918      580.00
      619.90     181.305    9940.000                           47528.084   57649.389      580.00
      620.00     181.624   10050.000                           48835.227   59066.851      580.00
      620.10     181.896   10160.000                           50153.460   60495.356      580.00


 Listing of Tabular Data-Expanded Area
     1   591.00   76.60  591.10   78.12  591.20   79.63  591.30   81.14  591.40   82.66
     6   591.50   84.17  591.60   85.69  591.70   87.21  591.80   88.72  591.90   90.23
    11   592.00   91.75  592.10   93.27  592.20   94.78  592.30   96.29  592.40   97.81
    16   592.50   99.33  592.60  100.84  592.70  102.36  592.80  103.87  592.90  105.38
    21   593.00  106.90  593.10  108.70  593.20  110.49  593.30  112.28  593.40  114.08
    26   593.50  115.88  593.60  117.67  593.70  119.47  593.80  121.26  593.90  123.05
    31   594.00  124.85  594.10  126.65  594.20  128.44  594.30  130.23  594.40  132.03
    36   594.50  133.83  594.60  135.62  594.70  137.42  594.80  139.21  594.90  141.00
    41   595.00  142.80  595.10  144.69  595.20  146.58  595.30  148.47  595.40  150.36
    46   595.50  152.25  595.60  154.14  595.70  156.03  595.80  157.92  595.90  159.81
    51   596.00  161.70  596.10  163.59  596.20  165.48  596.30  167.37  596.40  169.26
    56   596.50  171.15  596.60  173.04  596.70  174.93  596.80  176.82  596.90  178.71
    61   597.00  180.60  597.10  182.65  597.20  184.71  597.30  186.76  597.40  188.81
    66   597.50  190.86  597.60  192.92  597.70  194.97  597.80  197.02  597.90  199.07
    71   598.00  201.12  598.10  203.18  598.20  205.23  598.30  207.28  598.40  209.33
    76   598.50  211.39  598.60  213.44  598.70  215.49  598.80  217.54  598.90  219.60
    81   599.00  221.65  599.10  223.70  599.20  225.76  599.30  227.81  599.40  229.86
    86   599.50  231.91  599.60  233.97  599.70  236.02  599.80  238.07  599.90  240.12
    91   600.00  242.17  600.10  244.23  600.20  246.28  600.30  248.33  600.40  250.38
    96   600.50  252.44  600.60  254.49  600.70  256.54  600.80  258.59  600.90  260.65
   101   601.00  262.70  601.10  265.14  601.20  267.58  601.30  270.02  601.40  272.46
   106   601.50  274.90  601.60  277.34  601.70  279.78  601.80  282.22  601.90  284.66
   111   602.00  287.10  602.10  289.54  602.20  291.98  602.30  294.42  602.40  296.86
   116   602.50  299.30  602.60  301.74  602.70  304.18  602.80  306.62  602.90  309.06
   121   603.00  311.50  603.10  313.94  603.20  316.38  603.30  318.82  603.40  321.26
   126   603.50  323.70  603.60  326.14  603.70  328.58  603.80  331.02  603.90  333.46
   131   604.00  335.90  604.10  338.34  604.20  340.78  604.30  343.22  604.40  345.66
   136   604.50  348.10  604.60  350.54  604.70  352.98  604.80  355.42  604.90  357.86
   141   605.00  360.30  605.10  362.72  605.20  365.13  605.30  367.54  605.40  369.96
   146   605.50  372.38  605.60  374.79  605.70  377.21  605.80  379.62  605.90  382.03
   151   606.00  384.45  606.10  386.87  606.20  389.28  606.30  391.69  606.40  394.11
   156   606.50  396.52  606.60  398.94  606.70  401.36  606.80  403.77  606.90  406.18
   161   607.00  408.60  607.10  411.02  607.20  413.43  607.30  415.84  607.40  418.26
   166   607.50  420.68  607.60  423.09  607.70  425.51  607.80  427.92  607.90  430.33
   171   608.00  432.75  608.10  435.17  608.20  437.58  608.30  439.99  608.40  442.41
   176   608.50  444.82  608.60  447.24  608.70  449.66  608.80  452.07  608.90  454.48
   181   609.00  456.90  609.10  459.42  609.20  461.94  609.30  464.46  609.40  466.98
   186   609.50  469.50  609.60  472.02  609.70  474.54  609.80  477.06  609.90  479.58
   191   610.00  482.10  610.10  484.62  610.20  487.14  610.30  489.66  610.40  492.18
   196   610.50  494.70  610.60  497.22  610.70  499.74  610.80  502.26  610.90  504.78
   201   611.00  507.30  611.10  509.82  611.20  512.34  611.30  514.86  611.40  517.38
   206   611.50  519.90  611.60  522.42  611.70  524.94  611.80  527.46  611.90  529.98
   211   612.00  532.50  612.10  535.02  612.20  537.54  612.30  540.06  612.40  542.58
   216   612.50  545.10  612.60  547.62  612.70  550.14  612.80  552.66  612.90  555.18
   221   613.00  557.70  613.10  560.20  613.20  562.70  613.30  565.20  613.40  567.70
   226   613.50  570.20  613.60  572.70  613.70  575.20  613.80  577.70  613.90  580.20
   231   614.00  582.70  614.10  585.20  614.20  587.70  614.30  590.20  614.40  592.70
   236   614.50  595.20  614.60  597.70  614.70  600.20  614.80  602.70  614.90  605.20
   241   615.00  607.70  615.10  610.20  615.20  612.70  615.30  615.20  615.40  617.70
   246   615.50  620.20  615.60  622.70  615.70  625.20  615.80  627.70  615.90  630.20
   251   616.00  632.70  616.10  635.20  616.20  637.70  616.30  640.20  616.40  642.70
   256   616.50  645.20  616.60  647.70  616.70  650.20  616.80  652.70  616.90  655.20
   261   617.00  657.70  617.10  660.20  617.20  662.70  617.30  665.20  617.40  667.70
   266   617.50  670.20  617.60  672.70  617.70  675.20  617.80  677.70  617.90  680.20
   271   618.00  682.70  618.10  685.20  618.20  687.70  618.30  690.20  618.40  692.70
   276   618.50  695.20  618.60  697.70  618.70  700.20  618.80  702.70  618.90  705.20
   281   619.00  707.70  619.10  710.20  619.20  712.70  619.30  715.20  619.40  717.70
   286   619.50  720.20  619.60  722.70  619.70  725.20  619.80  727.70  619.90  730.20
   291   620.00  732.70  620.10  735.20


 Listing of Tabular Data-Generated Volume
     1   591.00  250.00  593.00  433.50  595.00  683.20  597.00 1006.60  601.00 1893.20
     6   605.00 3139.20  609.00 4773.60  613.00 6802.80  615.00 7968.20


 Listing of Tabular Data-Expanded Low Volume
     1   580.00    0.00  580.10    2.27  580.20    4.55  580.30    6.82  580.40    9.09
     6   580.50   11.36  580.60   13.64  580.70   15.91  580.80   18.18  580.90   20.45
    11   581.00   22.73  581.10   25.00  581.20   27.27  581.30   29.55  581.40   31.82
    16   581.50   34.09  581.60   36.36  581.70   38.64  581.80   40.91  581.90   43.18
    21   582.00   45.45  582.10   47.73  582.20   50.00  582.30   52.27  582.40   54.55
    26   582.50   56.82  582.60   59.09  582.70   61.36  582.80   63.64  582.90   65.91
    31   583.00   68.18  583.10   70.45  583.20   72.73  583.30   75.00  583.40   77.27
    36   583.50   79.55  583.60   81.82  583.70   84.09  583.80   86.36  583.90   88.64
    41   584.00   90.91  584.10   93.18  584.20   95.45  584.30   97.73  584.40  100.00
    46   584.50  102.27  584.60  104.55  584.70  106.82  584.80  109.09  584.90  111.36
    51   585.00  113.64  585.10  115.91  585.20  118.18  585.30  120.45  585.40  122.73
    56   585.50  125.00  585.60  127.27  585.70  129.55  585.80  131.82  585.90  134.09
    61   586.00  136.36  586.10  138.64  586.20  140.91  586.30  143.18  586.40  145.45
    66   586.50  147.73  586.60  150.00  586.70  152.27  586.80  154.55  586.90  156.82
    71   587.00  159.09  587.10  161.36  587.20  163.64  587.30  165.91  587.40  168.18
    76   587.50  170.45  587.60  172.73  587.70  175.00  587.80  177.27  587.90  179.55
    81   588.00  181.82  588.10  184.09  588.20  186.36  588.30  188.64  588.40  190.91
    86   588.50  193.18  588.60  195.45  588.70  197.73  588.80  200.00  588.90  202.27
    91   589.00  204.55  589.10  206.82  589.20  209.09  589.30  211.36  589.40  213.64
    96   589.50  215.91  589.60  218.18  589.70  220.45  589.80  222.73  589.90  225.00
   101   590.00  227.27  590.10  229.55  590.20  231.82  590.30  234.09  590.40  236.36
   106   590.50  238.64  590.60  240.91  590.70  243.18  590.80  245.45  590.90  247.73


 Listing of Tabular Data-Expanded Volume
     1   591.00    250.  591.10    258.  591.20    266.  591.30    274.  591.40    282.
     6   591.50    290.  591.60    299.  591.70    307.  591.80    316.  591.90    325.
    11   592.00    334.  592.10    343.  592.20    353.  592.30    362.  592.40    372.
    16   592.50    382.  592.60    392.  592.70    402.  592.80    412.  592.90    423.
    21   593.00    434.  593.10    444.  593.20    455.  593.30    466.  593.40    478.
    26   593.50    489.  593.60    501.  593.70    513.  593.80    525.  593.90    537.
    31   594.00    549.  594.10    562.  594.20    575.  594.30    588.  594.40    601.
    36   594.50    614.  594.60    628.  594.70    641.  594.80    655.  594.90    669.
    41   595.00    683.  595.10    698.  595.20    712.  595.30    727.  595.40    742.
    46   595.50    757.  595.60    772.  595.70    788.  595.80    803.  595.90    819.
    51   596.00    835.  596.10    852.  596.20    868.  596.30    885.  596.40    902.
    56   596.50    919.  596.60    936.  596.70    953.  596.80    971.  596.90    989.
    61   597.00   1007.  597.10   1025.  597.20   1043.  597.30   1062.  597.40   1080.
    66   597.50   1099.  597.60   1119.  597.70   1138.  597.80   1158.  597.90   1177.
    71   598.00   1197.  598.10   1218.  598.20   1238.  598.30   1259.  598.40   1280.
    76   598.50   1301.  598.60   1322.  598.70   1343.  598.80   1365.  598.90   1387.
    81   599.00   1409.  599.10   1431.  599.20   1454.  599.30   1476.  599.40   1499.
    86   599.50   1522.  599.60   1546.  599.70   1569.  599.80   1593.  599.90   1617.
    91   600.00   1641.  600.10   1665.  600.20   1690.  600.30   1714.  600.40   1739.
    96   600.50   1764.  600.60   1790.  600.70   1815.  600.80   1841.  600.90   1867.
   101   601.00   1893.  601.10   1920.  601.20   1946.  601.30   1973.  601.40   2000.
   106   601.50   2028.  601.60   2055.  601.70   2083.  601.80   2111.  601.90   2140.
   111   602.00   2168.  602.10   2197.  602.20   2226.  602.30   2255.  602.40   2285.
   116   602.50   2315.  602.60   2345.  602.70   2375.  602.80   2406.  602.90   2436.
   121   603.00   2467.  603.10   2499.  603.20   2530.  603.30   2562.  603.40   2594.
   126   603.50   2626.  603.60   2659.  603.70   2691.  603.80   2724.  603.90   2758.
   131   604.00   2791.  604.10   2825.  604.20   2859.  604.30   2893.  604.40   2927.
   136   604.50   2962.  604.60   2997.  604.70   3032.  604.80   3068.  604.90   3103.
   141   605.00   3139.  605.10   3175.  605.20   3212.  605.30   3248.  605.40   3285.
   146   605.50   3322.  605.60   3360.  605.70   3397.  605.80   3435.  605.90   3473.
   151   606.00   3512.  606.10   3550.  606.20   3589.  606.30   3628.  606.40   3667.
   156   606.50   3707.  606.60   3747.  606.70   3787.  606.80   3827.  606.90   3867.
   161   607.00   3908.  607.10   3949.  607.20   3990.  607.30   4032.  607.40   4073.
   166   607.50   4115.  607.60   4158.  607.70   4200.  607.80   4243.  607.90   4286.
   171   608.00   4329.  608.10   4372.  608.20   4416.  608.30   4460.  608.40   4504.
   176   608.50   4548.  608.60   4593.  608.70   4638.  608.80   4683.  608.90   4728.
   181   609.00   4774.  609.10   4819.  609.20   4865.  609.30   4912.  609.40   4958.
   186   609.50   5005.  609.60   5052.  609.70   5100.  609.80   5147.  609.90   5195.
   191   610.00   5243.  610.10   5291.  610.20   5340.  610.30   5389.  610.40   5438.
   196   610.50   5487.  610.60   5537.  610.70   5587.  610.80   5637.  610.90   5687.
   201   611.00   5738.  611.10   5789.  611.20   5840.  611.30   5891.  611.40   5943.
   206   611.50   5995.  611.60   6047.  611.70   6099.  611.80   6152.  611.90   6205.
   211   612.00   6258.  612.10   6311.  612.20   6365.  612.30   6419.  612.40   6473.
   216   612.50   6527.  612.60   6582.  612.70   6637.  612.80   6692.  612.90   6747.
   221   613.00   6803.  613.10   6859.  613.20   6915.  613.30   6971.  613.40   7028.
   226   613.50   7085.  613.60   7142.  613.70   7199.  613.80   7257.  613.90   7315.
   231   614.00   7373.  614.10   7431.  614.20   7490.  614.30   7549.  614.40   7608.
   236   614.50   7667.  614.60   7727.  614.70   7787.  614.80   7847.  614.90   7908.
   241   615.00   7968.  615.10   8029.  615.20   8090.  615.30   8152.  615.40   8213.
   246   615.50   8275.  615.60   8337.  615.70   8400.  615.80   8462.  615.90   8525.
   251   616.00   8588.  616.10   8652.  616.20   8715.  616.30   8779.  616.40   8843.
   256   616.50   8908.  616.60   8973.  616.70   9037.  616.80   9103.  616.90   9168.
   261   617.00   9234.  617.10   9299.  617.20   9366.  617.30   9432.  617.40   9499.
   266   617.50   9566.  617.60   9633.  617.70   9700.  617.80   9768.  617.90   9836.
   271   618.00   9904.  618.10   9972.  618.20  10041.  618.30  10110.  618.40  10179.
   276   618.50  10248.  618.60  10318.  618.70  10388.  618.80  10458.  618.90  10528.
   281   619.00  10599.  619.10  10670.  619.20  10741.  619.30  10812.  619.40  10884.
   286   619.50  10956.  619.60  11028.  619.70  11101.  619.80  11173.  619.90  11246.
   291   620.00  11319.  620.10  11393.


End of Run
