Windows Dam Analysis Program                    Execution Date-11/27/2022
 Program Date-10/06/2022        Version Date-1.1.13              Time-09:36:03

 Listing of Input Data-          IE Models Eval - BigBay                           
 WINDAM    10/06/2022IE Models Eval - BigBay                                     
 OPTION    SIMPLE    BARESOIL  NOPS      INTERNAL                                
 IEMODEL   2         120.0     0037.6200 100       0.002                         
 HYD                 0.1       0         0C                                      
                     0         0         0         0         0                   
                     0         0         0         0         0                   
                     0         0         0         0         0                   
                     0         0         0         0         0                   
                     0         0         0         0         0                   
                     0         0         0         0         0                   
                     0         0         0         0         0                   
                     0         0         0         0         0                   
                     0         0         0         0         0                   
                     0         0         0         0         0                   
                     0         0         0         0         0                   
                     0         0         0         0         0                   
                     0         0         0         0         0                   
                     0         0         0         0         0                   
                     0         0         0         0         0                   
                     0         0         0         0         0                   
                     0         0         0         0         0                   
                     0         0         0         0         0                   
                     0         0         0         0         0                   
                     0         0         0         0         0                   
                     0         0         0         0         0                   
                     0         0         0         0         0                   
                     0         0         0         0         0                   
                     0         0         0         0         0                   
                     0         0         0         0         0                   
                     0         0         0         0         0                   
                     0         0         0         0         0                   
                     0         0         0         0         0                   
                     0         0         0         0         0                   
                     0         0         0         0         0                   
                     0         0         0         0         0                   
                     0         0         0         0         0                   
                     0         0         0         0         0                   
                     0         0         0         0         0                   
                     0         0         0         0         0                   
                     0         0         0         0         0                   
                     0         0         0         0         0                   
                     0         0         0         0         0                   
                     0         0         0         0         0                   
                     0         0         0         0         0                   
                     0         0         0         0         0                   
                     0         0         0         0         0                   
                     0         0         0         0         0                   
                     0         0         0         0         0                   
                     0         0         0         0         0                   
                     0         0         0         0         0                   
                     0         0         0         0         0                   
                     0         0         0         0         0                   
                     0         0         0         0         0                   
                     0         0         0         0         0                   
                     0         0         0         0         0                   
                     0         0         0         0         0                   
                     0         0         0         0         0                   
                     0         0         0         0         0                   
                     0         0         0         0         0                   
                     0         0         0         0         0                   
                     0         0         0         0         0                   
                     0         0         0         0         0                   
                     0         0         0         0         0                   
                     0         0         0         0         0                   
                     0         0         0         0         0                   
                     0         0         0         0         0                   
                     0         0         0         0         0                   
                     0         0         0         0         0                   
                     0         0         0         0         0                   
                     0         0         0         0         0                   
                     0         0         0         0         0                   
                     0         0         0         0         0                   
                     0                                                           
 ENDTABLE                                                                        
 CRESTPRFL                                                                       
           0         57.0866                                                     
           1968.5    57.0866                                                     
 ENDTABLE                                                                        
 STROUTE   44.29     0         ELEV                                              
 STRUCTURE BigBay                                                                
                     0                   0                                       
                     42.09               14012.525                               
                     42.62               14187.5                                 
                     46.59               21370.4                                 
 ENDTABLE                                                                        
 UPSTREAM  3         0.016                                                       
 DAMCREST  40        0.016                                                       
 DWNSTREAM 3         0.016                                                       
 CONDUIT   0000.1640 0000.1640 2         984.25                                  
 TAILWATER                                                                       
 ENDTABLE                                                                        
 OUTPUT    ALL                                                                   
 ENDRUN                                                                          

     ^^^^^ Warning -- Structure elevation difference between point   1 (      0.00) and   2 (     42.09)
                     is 25 feet or greater. Please check.

     ^^^^^ Warning -- More than 10% of dam height eroded in a single time step.
                      A smaller time increment may want to be considered.

----------------------------------------------------------------------------------------
Windows Dam Analysis Program     Execution Date - 11/27/2022
Program Date - 10/06/2022        Version Number - 1.1.13          Time - 09:36:03
Input File - BigBay.WDC                                                                                                                                                                                                                                                      
----------------------------------------------------------------------------------------
********** Elevation Summary 1 *********************************************************
Dam Base Elevation:                               0.00 feet
Max Tailwater Elevation:                          0.00 feet
Prin Spwy Crest Elevation:                       N/A
Start Routing Elevation:                         44.29 feet
Aux Spwy # 1 Crest Elevation:                     none
Aux Spwy # 2 Crest Elevation:                     none
Aux Spwy # 3 Crest Elevation:                     none
Max Pool Elevation:                              44.29 feet
Initial Low Point in Dam Crest:                  57.09 feet
Ending Low Point in Dam Crest:                   57.09 feet
****************************************************************************************


********** Flow Summary 2 **************************************************************
Peak Inflow:                                      0.00 cfs @        0.0 hours
Peak Outflow:                                131189.11 cfs @        0.6 hours
Max Flow Principal Spwy:                          0.00 cfs @        0.0 hours
Max Flow Aux Spwy # 1:                            none
Max Flow Aux Spwy # 2:                            none
Max Flow Aux Spwy # 3:                            none
Maximum flow over top of dam:                     0.00 cfs @        0.0 hours
Duration of dam overtopping:                                        0.0 hours
Max unit discharge, low point or breach:        877.59 cfs/ft
Maximum internal erosion conduit flow:       131189.11 cfs
****************************************************************************************


********** Spillways Summary 3 *********************************************************
Principal Spillway Type:                         N/A
Principal Spillway Crest Elev:                   N/A
Conduit Diameter:                                N/A
Conduit Width x Height:                          N/A
Conduit Manning's n value:                       N/A
----------------------------------------------------------------------------------------
Aux Spwy #1 Label:                                    none
Aux Spwy #1 Crest Elev:                               none
Aux Spwy #1 Bottom Width:                             none
Aux Spwy #1 Max Flow:                                 none
Aux Spwy #1 Max Hp:                                   none
Aux Spwy #1 Erosion Analysis:                         none
----------------------------------------------------------------------------------------
Aux Spwy #2 Label:                                    none
Aux Spwy #2 Crest Elev:                               none
Aux Spwy #2 Bottom Width:                             none
Aux Spwy #2 Max Flow:                                 none
Aux Spwy #2 Max Hp:                                   none
Aux Spwy #2 Erosion Analysis:                         none
----------------------------------------------------------------------------------------
Aux Spwy #3 Label:                                    none
Aux Spwy #3 Crest Elev:                               none
Aux Spwy #3 Bottom Width:                             none
Aux Spwy #3 Max Flow:                                 none
Aux Spwy #3 Max Hp:                                   none
Aux Spwy #3 Erosion Analysis:                         none
****************************************************************************************


********** Overtopping Summary Table 4 *************************************************


     <<<<<<  Overtopping did not occur for this embankment.               >>>>>>


****************************************************************************************


********** Internal Erosion Summary Table 5 ********************************************
Dam Breach Analysis type:                                       Internal Erosion
Initial Conduit Elevation:                                  2.00 feet
Initial Conduit Station:                                  984.25 feet
Initial Conduit Width:                                      0.16 feet
Initial Conduit Height:                                     0.16 feet
Max. Internal Erosion conduit flow:                     131189.11 cfs @        0.6 hours
Initial Low Point in Dam Crest Profile:                    57.09 feet
Maximum Pool Elevation:                                    44.29 feet @        0.0 hours
Ending Low Point in Dam Crest Profile:                     57.09 feet @        0.0 hours
****************************************************************************************


********** Drawdown Summary Table 6 ****************************************************


     <<<<<<  Drawdown calculation was not an option for this embankment.  >>>>>>


****************************************************************************************


No stress occurred on embankment face.



                                                   Hydrograph ID=          

                                                      Hydrograph Routing
                     Principal Auxiliary Auxiliary Auxiliary            Internal           Reservoir
                     Spillway                                  OverTop   Erosion     Total   Surface Tailwater
      Time    Inflow   Outflow   Outflow   Outflow   Outflow   Outflow   Outflow   Outflow Elevation Elevation
     (hrs)     (cfs)     (cfs)     (cfs)     (cfs)     (cfs)     (cfs)     (cfs)     (cfs)    (feet)    (feet)
       0.0      0.00      0.00                                    0.00      0.08      0.08     44.29      0.00           @
       0.0      0.00      0.00                                    0.00      3.91      3.91     44.29      0.00           @
       0.1      0.00      0.00                                    0.00    173.81    173.81     44.29      0.00           @
       0.1      0.00      0.00                                    0.00   2934.69   2934.69     44.29      0.00           @
       0.1      0.00      0.00                                    0.00  16499.83  16499.83     44.28      0.00           @
       0.2      0.00      0.00                                    0.00  52469.81  52469.81     44.20      0.00           @
       0.2      0.00      0.00                                    0.00  65034.85  65034.85     44.06      0.00            
       0.3      0.00      0.00                                    0.00  86256.36  86256.36     43.72      0.00            
       0.4      0.00      0.00                                    0.00 106247.81 106247.81     43.28      0.00            
       0.5      0.00      0.00                                    0.00 124423.81 124423.81     42.75      0.00            
       0.6      0.00      0.00                                    0.00 131189.11 131189.11     40.16      0.00            
       0.7      0.00      0.00                                    0.00 130172.88 130172.88     36.92      0.00            
       0.8      0.00      0.00                                    0.00 125427.50 125427.50     33.74      0.00            
       0.9      0.00      0.00                                    0.00 118217.56 118217.56     30.72      0.00            
       1.0      0.00      0.00                                    0.00 109395.35 109395.35     27.89      0.00            
       1.1      0.00      0.00                                    0.00 100204.40 100204.40     25.29      0.00            
       1.2      0.00      0.00                                    0.00  90785.61  90785.61     22.92      0.00            
       1.3      0.00      0.00                                    0.00  81577.73  81577.73     20.78      0.00            
       1.4      0.00      0.00                                    0.00  73142.10  73142.10     18.86      0.00            
       1.5      0.00      0.00                                    0.00  65276.04  65276.04     17.15      0.00            
       1.6      0.00      0.00                                    0.00  58181.84  58181.84     15.61      0.00            
       1.7      0.00      0.00                                    0.00  51839.54  51839.54     14.25      0.00            
       1.8      0.00      0.00                                    0.00  46204.11  46204.11     13.03      0.00            
       1.9      0.00      0.00                                    0.00  41219.31  41219.31     11.95      0.00            
       2.0      0.00      0.00                                    0.00  36746.56  36746.56     10.98      0.00            
       2.1      0.00      0.00                                    0.00  32818.32  32818.32     10.11      0.00            
       2.2      0.00      0.00                                    0.00  29429.34  29429.34      9.34      0.00            
       2.3      0.00      0.00                                    0.00  26333.63  26333.63      8.65      0.00            
       2.4      0.00      0.00                                    0.00  23670.28  23670.28      8.03      0.00            
       2.5      0.00      0.00                                    0.00  21324.93  21324.93      7.47      0.00            
       2.6      0.00      0.00                                    0.00  19256.61  19256.61      6.97      0.00            
       2.7      0.00      0.00                                    0.00  17429.09  17429.09      6.51      0.00            
       2.8      0.00      0.00                                    0.00  15776.29  15776.29      6.10      0.00            
       2.9      0.00      0.00                                    0.00  14346.30  14346.30      5.73      0.00            
       3.0      0.00      0.00                                    0.00  13045.75  13045.75      5.39      0.00            
       3.1      0.00      0.00                                    0.00  11916.98  11916.98      5.08      0.00            
       3.2      0.00      0.00                                    0.00  10883.73  10883.73      4.79      0.00            
       3.3      0.00      0.00                                    0.00   9984.84   9984.84      4.53      0.00            
       3.4      0.00      0.00                                    0.00   9156.85   9156.85      4.30      0.00            
       3.5      0.00      0.00                                    0.00   8434.37   8434.37      4.08      0.00            
       3.6      0.00      0.00                                    0.00   7763.70   7763.70      3.88      0.00            
       3.7      0.00      0.00                                    0.00   7178.00   7178.00      3.69      0.00            
       3.8      0.00      0.00                                    0.00   6631.52   6631.52      3.52      0.00            
       3.9      0.00      0.00                                    0.00   6152.87   6152.87      3.36      0.00            
       4.0      0.00      0.00                                    0.00   5717.80   5717.80      3.21      0.00            
       4.1      0.00      0.00                                    0.00   5321.63   5321.63      3.08      0.00            
       4.2      0.00      0.00                                    0.00   4960.19   4960.19      2.95      0.00            
       4.3      0.00      0.00                                    0.00   4617.63   4617.63      2.83      0.00            
       4.4      0.00      0.00                                    0.00   4316.65   4316.65      2.72      0.00            
       4.5      0.00      0.00                                    0.00   4040.54   4040.54      2.62      0.00            
       4.6      0.00      0.00                                    0.00   3787.02   3787.02      2.52      0.00            
       4.7      0.00      0.00                                    0.00   3553.73   3553.73      2.43      0.00            
       4.8      0.00      0.00                                    0.00   3338.61   3338.61      2.34      0.00            
       4.9      0.00      0.00                                    0.00   3140.17   3140.17      2.26      0.00            
       5.0      0.00      0.00                                    0.00   2965.33   2965.33      2.19      0.00            
       5.1      0.00      0.00                                    0.00   2794.88   2794.88      2.11      0.00            
       5.2      0.00      0.00                                    0.00   2636.89   2636.89      2.05      0.00            
       5.3      0.00      0.00                                    0.00   2497.59   2497.59      1.98      0.00            
       5.4      0.00      0.00                                    0.00   2360.58   2360.58      1.92      0.00            
       5.5      0.00      0.00                                    0.00   2239.93   2239.93      1.87      0.00            
       5.6      0.00      0.00                                    0.00   2120.78   2120.78      1.81      0.00            
       5.7      0.00      0.00                                    0.00   2015.89   2015.89      1.76      0.00            
       5.8      0.00      0.00                                    0.00   1917.74   1917.74      1.71      0.00            
       5.9      0.00      0.00                                    0.00   1825.64   1825.64      1.67      0.00            
       6.0      0.00      0.00                                    0.00   1739.33   1739.33      1.62      0.00            
       6.1      0.00      0.00                                    0.00   1652.88   1652.88      1.58      0.00            
       6.2      0.00      0.00                                    0.00   1576.97   1576.97      1.54      0.00            
       6.3      0.00      0.00                                    0.00   1510.58   1510.58      1.50      0.00            
       6.4      0.00      0.00                                    0.00   1443.07   1443.07      1.46      0.00            
       6.5      0.00      0.00                                    0.00   1379.39   1379.39      1.43      0.00            
       6.6      0.00      0.00                                    0.00   1319.18   1319.18      1.40      0.00            
       6.7      0.00      0.00                                    0.00   1262.29   1262.29      1.36      0.00            
       6.8      0.00      0.00                                    0.00   1208.61   1208.61      1.33      0.00            
       6.9      0.00      0.00                                    0.00   1161.91   1161.91      1.30      0.00            
       7.0      0.00      0.00                                    0.00   1113.63   1113.63      1.27      0.00            
       7.1      0.00      0.00                                    0.00   1071.70   1071.70      1.25      0.00            
       7.2      0.00      0.00                                    0.00   1028.19   1028.19      1.22      0.00            
       7.3      0.00      0.00                                    0.00    990.49    990.49      1.20      0.00            
       7.4      0.00      0.00                                    0.00    951.08    951.08      1.17      0.00            
       7.5      0.00      0.00                                    0.00    917.01    917.01      1.15      0.00            
       7.6      0.00      0.00                                    0.00    884.59    884.59      1.13      0.00            
       7.7      0.00      0.00                                    0.00    850.36    850.36      1.11      0.00            
       7.8      0.00      0.00                                    0.00    820.91    820.91      1.08      0.00            
       7.9      0.00      0.00                                    0.00    792.88    792.88      1.06      0.00            
       8.0      0.00      0.00                                    0.00    766.05    766.05      1.05      0.00            
       8.1      0.00      0.00                                    0.00    740.28    740.28      1.03      0.00            
       8.2      0.00      0.00                                    0.00    715.74    715.74      1.01      0.00            
       8.3      0.00      0.00                                    0.00    692.21    692.21      0.99      0.00            
       8.4      0.00      0.00                                    0.00    669.73    669.73      0.97      0.00            
       8.5      0.00      0.00                                    0.00    648.14    648.14      0.96      0.00            
       8.6      0.00      0.00                                    0.00    627.44    627.44      0.94      0.00            
       8.7      0.00      0.00                                    0.00    607.64    607.64      0.93      0.00            
       8.8      0.00      0.00                                    0.00    588.62    588.62      0.91      0.00            
       8.9      0.00      0.00                                    0.00    570.30    570.30      0.90      0.00            
       9.0      0.00      0.00                                    0.00    552.82    552.82      0.88      0.00            
       9.1      0.00      0.00                                    0.00    538.21    538.21      0.87      0.00            
       9.2      0.00      0.00                                    0.00    521.91    521.91      0.86      0.00            
       9.3      0.00      0.00                                    0.00    506.17    506.17      0.84      0.00            
       9.4      0.00      0.00                                    0.00    493.17    493.17      0.83      0.00            
       9.5      0.00      0.00                                    0.00    478.54    478.54      0.82      0.00            
       9.6      0.00      0.00                                    0.00    464.40    464.40      0.81      0.00            
       9.7      0.00      0.00                                    0.00    452.87    452.87      0.80      0.00            
       9.8      0.00      0.00                                    0.00    439.75    439.75      0.79      0.00            
       9.9      0.00      0.00                                    0.00    428.99    428.99      0.77      0.00            
      10.0      0.00      0.00                                    0.00    416.74    416.74      0.76      0.00            
      10.1      0.00      0.00                                    0.00    406.71    406.71      0.75      0.00            
      10.2      0.00      0.00                                    0.00    395.26    395.26      0.74      0.00            

     @ = Time step has been subdivided for more accurate calculations.



                          Spillway and Overtop Discharge Rating

 Elevation                                           OverTop             TW Elev
      0.00                                              0.00                0.00
      0.10                                              0.00                0.00
      0.20                                              0.00                0.00
      0.30                                              0.00                0.00
      0.40                                              0.00                0.00
      0.50                                              0.00                0.00
      0.60                                              0.00                0.00
      0.70                                              0.00                0.00
      0.80                                              0.00                0.00
      0.90                                              0.00                0.00
      1.00                                              0.00                0.00
      1.10                                              0.00                0.00
      1.20                                              0.00                0.00
      1.30                                              0.00                0.00
      1.40                                              0.00                0.00
      1.50                                              0.00                0.00
      1.60                                              0.00                0.00
      1.70                                              0.00                0.00
      1.80                                              0.00                0.00
      1.90                                              0.00                0.00
      2.00                                              0.00                0.00
      2.10                                              0.00                0.00
      2.20                                              0.00                0.00
      2.30                                              0.00                0.00
      2.40                                              0.00                0.00
      2.50                                              0.00                0.00
      2.60                                              0.00                0.00
      2.70                                              0.00                0.00
      2.80                                              0.00                0.00
      2.90                                              0.00                0.00
      3.00                                              0.00                0.00
      3.10                                              0.00                0.00
      3.20                                              0.00                0.00
      3.30                                              0.00                0.00
      3.40                                              0.00                0.00
      3.50                                              0.00                0.00
      3.60                                              0.00                0.00
      3.70                                              0.00                0.00
      3.80                                              0.00                0.00
      3.90                                              0.00                0.00
      4.00                                              0.00                0.00
      4.10                                              0.00                0.00
      4.20                                              0.00                0.00
      4.30                                              0.00                0.00
      4.40                                              0.00                0.00
      4.50                                              0.00                0.00
      4.60                                              0.00                0.00
      4.70                                              0.00                0.00
      4.80                                              0.00                0.00
      4.90                                              0.00                0.00
      5.00                                              0.00                0.00
      5.10                                              0.00                0.00
      5.20                                              0.00                0.00
      5.30                                              0.00                0.00
      5.40                                              0.00                0.00
      5.50                                              0.00                0.00
      5.60                                              0.00                0.00
      5.70                                              0.00                0.00
      5.80                                              0.00                0.00
      5.90                                              0.00                0.00
      6.00                                              0.00                0.00
      6.10                                              0.00                0.00
      6.20                                              0.00                0.00
      6.30                                              0.00                0.00
      6.40                                              0.00                0.00
      6.50                                              0.00                0.00
      6.60                                              0.00                0.00
      6.70                                              0.00                0.00
      6.80                                              0.00                0.00
      6.90                                              0.00                0.00
      7.00                                              0.00                0.00
      7.10                                              0.00                0.00
      7.20                                              0.00                0.00
      7.30                                              0.00                0.00
      7.40                                              0.00                0.00
      7.50                                              0.00                0.00
      7.60                                              0.00                0.00
      7.70                                              0.00                0.00
      7.80                                              0.00                0.00
      7.90                                              0.00                0.00
      8.00                                              0.00                0.00
      8.10                                              0.00                0.00
      8.20                                              0.00                0.00
      8.30                                              0.00                0.00
      8.40                                              0.00                0.00
      8.50                                              0.00                0.00
      8.60                                              0.00                0.00
      8.70                                              0.00                0.00
      8.80                                              0.00                0.00
      8.90                                              0.00                0.00
      9.00                                              0.00                0.00
      9.10                                              0.00                0.00
      9.20                                              0.00                0.00
      9.30                                              0.00                0.00
      9.40                                              0.00                0.00
      9.50                                              0.00                0.00
      9.60                                              0.00                0.00
      9.70                                              0.00                0.00
      9.80                                              0.00                0.00
      9.90                                              0.00                0.00
     10.00                                              0.00                0.00
     10.10                                              0.00                0.00
     10.20                                              0.00                0.00
     10.30                                              0.00                0.00
     10.40                                              0.00                0.00
     10.50                                              0.00                0.00
     10.60                                              0.00                0.00
     10.70                                              0.00                0.00
     10.80                                              0.00                0.00
     10.90                                              0.00                0.00
     11.00                                              0.00                0.00
     11.10                                              0.00                0.00
     11.20                                              0.00                0.00
     11.30                                              0.00                0.00
     11.40                                              0.00                0.00
     11.50                                              0.00                0.00
     11.60                                              0.00                0.00
     11.70                                              0.00                0.00
     11.80                                              0.00                0.00
     11.90                                              0.00                0.00
     12.00                                              0.00                0.00
     12.10                                              0.00                0.00
     12.20                                              0.00                0.00
     12.30                                              0.00                0.00
     12.40                                              0.00                0.00
     12.50                                              0.00                0.00
     12.60                                              0.00                0.00
     12.70                                              0.00                0.00
     12.80                                              0.00                0.00
     12.90                                              0.00                0.00
     13.00                                              0.00                0.00
     13.10                                              0.00                0.00
     13.20                                              0.00                0.00
     13.30                                              0.00                0.00
     13.40                                              0.00                0.00
     13.50                                              0.00                0.00
     13.60                                              0.00                0.00
     13.70                                              0.00                0.00
     13.80                                              0.00                0.00
     13.90                                              0.00                0.00
     14.00                                              0.00                0.00
     14.10                                              0.00                0.00
     14.20                                              0.00                0.00
     14.30                                              0.00                0.00
     14.40                                              0.00                0.00
     14.50                                              0.00                0.00
     14.60                                              0.00                0.00
     14.70                                              0.00                0.00
     14.80                                              0.00                0.00
     14.90                                              0.00                0.00
     15.00                                              0.00                0.00
     15.10                                              0.00                0.00
     15.20                                              0.00                0.00
     15.30                                              0.00                0.00
     15.40                                              0.00                0.00
     15.50                                              0.00                0.00
     15.60                                              0.00                0.00
     15.70                                              0.00                0.00
     15.80                                              0.00                0.00
     15.90                                              0.00                0.00
     16.00                                              0.00                0.00
     16.10                                              0.00                0.00
     16.20                                              0.00                0.00
     16.30                                              0.00                0.00
     16.40                                              0.00                0.00
     16.50                                              0.00                0.00
     16.60                                              0.00                0.00
     16.70                                              0.00                0.00
     16.80                                              0.00                0.00
     16.90                                              0.00                0.00
     17.00                                              0.00                0.00
     17.10                                              0.00                0.00
     17.20                                              0.00                0.00
     17.30                                              0.00                0.00
     17.40                                              0.00                0.00
     17.50                                              0.00                0.00
     17.60                                              0.00                0.00
     17.70                                              0.00                0.00
     17.80                                              0.00                0.00
     17.90                                              0.00                0.00
     18.00                                              0.00                0.00
     18.10                                              0.00                0.00
     18.20                                              0.00                0.00
     18.30                                              0.00                0.00
     18.40                                              0.00                0.00
     18.50                                              0.00                0.00
     18.60                                              0.00                0.00
     18.70                                              0.00                0.00
     18.80                                              0.00                0.00
     18.90                                              0.00                0.00
     19.00                                              0.00                0.00
     19.10                                              0.00                0.00
     19.20                                              0.00                0.00
     19.30                                              0.00                0.00
     19.40                                              0.00                0.00
     19.50                                              0.00                0.00
     19.60                                              0.00                0.00
     19.70                                              0.00                0.00
     19.80                                              0.00                0.00
     19.90                                              0.00                0.00
     20.00                                              0.00                0.00
     20.10                                              0.00                0.00
     20.20                                              0.00                0.00
     20.30                                              0.00                0.00
     20.40                                              0.00                0.00
     20.50                                              0.00                0.00
     20.60                                              0.00                0.00
     20.70                                              0.00                0.00
     20.80                                              0.00                0.00
     20.90                                              0.00                0.00
     21.00                                              0.00                0.00
     21.10                                              0.00                0.00
     21.20                                              0.00                0.00
     21.30                                              0.00                0.00
     21.40                                              0.00                0.00
     21.50                                              0.00                0.00
     21.60                                              0.00                0.00
     21.70                                              0.00                0.00
     21.80                                              0.00                0.00
     21.90                                              0.00                0.00
     22.00                                              0.00                0.00
     22.10                                              0.00                0.00
     22.20                                              0.00                0.00
     22.30                                              0.00                0.00
     22.40                                              0.00                0.00
     22.50                                              0.00                0.00
     22.60                                              0.00                0.00
     22.70                                              0.00                0.00
     22.80                                              0.00                0.00
     22.90                                              0.00                0.00
     23.00                                              0.00                0.00
     23.10                                              0.00                0.00
     23.20                                              0.00                0.00
     23.30                                              0.00                0.00
     23.40                                              0.00                0.00
     23.50                                              0.00                0.00
     23.60                                              0.00                0.00
     23.70                                              0.00                0.00
     23.80                                              0.00                0.00
     23.90                                              0.00                0.00
     24.00                                              0.00                0.00
     24.10                                              0.00                0.00
     24.20                                              0.00                0.00
     24.30                                              0.00                0.00
     24.40                                              0.00                0.00
     24.50                                              0.00                0.00
     24.60                                              0.00                0.00
     24.70                                              0.00                0.00
     24.80                                              0.00                0.00
     24.90                                              0.00                0.00
     25.00                                              0.00                0.00
     25.10                                              0.00                0.00
     25.20                                              0.00                0.00
     25.30                                              0.00                0.00
     25.40                                              0.00                0.00
     25.50                                              0.00                0.00
     25.60                                              0.00                0.00
     25.70                                              0.00                0.00
     25.80                                              0.00                0.00
     25.90                                              0.00                0.00
     26.00                                              0.00                0.00
     26.10                                              0.00                0.00
     26.20                                              0.00                0.00
     26.30                                              0.00                0.00
     26.40                                              0.00                0.00
     26.50                                              0.00                0.00
     26.60                                              0.00                0.00
     26.70                                              0.00                0.00
     26.80                                              0.00                0.00
     26.90                                              0.00                0.00
     27.00                                              0.00                0.00
     27.10                                              0.00                0.00
     27.20                                              0.00                0.00
     27.30                                              0.00                0.00
     27.40                                              0.00                0.00
     27.50                                              0.00                0.00
     27.60                                              0.00                0.00
     27.70                                              0.00                0.00
     27.80                                              0.00                0.00
     27.90                                              0.00                0.00
     28.00                                              0.00                0.00
     28.10                                              0.00                0.00
     28.20                                              0.00                0.00
     28.30                                              0.00                0.00
     28.40                                              0.00                0.00
     28.50                                              0.00                0.00
     28.60                                              0.00                0.00
     28.70                                              0.00                0.00
     28.80                                              0.00                0.00
     28.90                                              0.00                0.00
     29.00                                              0.00                0.00
     29.10                                              0.00                0.00
     29.20                                              0.00                0.00
     29.30                                              0.00                0.00
     29.40                                              0.00                0.00
     29.50                                              0.00                0.00
     29.60                                              0.00                0.00
     29.70                                              0.00                0.00
     29.80                                              0.00                0.00
     29.90                                              0.00                0.00
     30.00                                              0.00                0.00
     30.10                                              0.00                0.00
     30.20                                              0.00                0.00
     30.30                                              0.00                0.00
     30.40                                              0.00                0.00
     30.50                                              0.00                0.00
     30.60                                              0.00                0.00
     30.70                                              0.00                0.00
     30.80                                              0.00                0.00
     30.90                                              0.00                0.00
     31.00                                              0.00                0.00
     31.10                                              0.00                0.00
     31.20                                              0.00                0.00
     31.30                                              0.00                0.00
     31.40                                              0.00                0.00
     31.50                                              0.00                0.00
     31.60                                              0.00                0.00
     31.70                                              0.00                0.00
     31.80                                              0.00                0.00
     31.90                                              0.00                0.00
     32.00                                              0.00                0.00
     32.10                                              0.00                0.00
     32.20                                              0.00                0.00
     32.30                                              0.00                0.00
     32.40                                              0.00                0.00
     32.50                                              0.00                0.00
     32.60                                              0.00                0.00
     32.70                                              0.00                0.00
     32.80                                              0.00                0.00
     32.90                                              0.00                0.00
     33.00                                              0.00                0.00
     33.10                                              0.00                0.00
     33.20                                              0.00                0.00
     33.30                                              0.00                0.00
     33.40                                              0.00                0.00
     33.50                                              0.00                0.00
     33.60                                              0.00                0.00
     33.70                                              0.00                0.00
     33.80                                              0.00                0.00
     33.90                                              0.00                0.00
     34.00                                              0.00                0.00
     34.10                                              0.00                0.00
     34.20                                              0.00                0.00
     34.30                                              0.00                0.00
     34.40                                              0.00                0.00
     34.50                                              0.00                0.00
     34.60                                              0.00                0.00
     34.70                                              0.00                0.00
     34.80                                              0.00                0.00
     34.90                                              0.00                0.00
     35.00                                              0.00                0.00
     35.10                                              0.00                0.00
     35.20                                              0.00                0.00
     35.30                                              0.00                0.00
     35.40                                              0.00                0.00
     35.50                                              0.00                0.00
     35.60                                              0.00                0.00
     35.70                                              0.00                0.00
     35.80                                              0.00                0.00
     35.90                                              0.00                0.00
     36.00                                              0.00                0.00
     36.10                                              0.00                0.00
     36.20                                              0.00                0.00
     36.30                                              0.00                0.00
     36.40                                              0.00                0.00
     36.50                                              0.00                0.00
     36.60                                              0.00                0.00
     36.70                                              0.00                0.00
     36.80                                              0.00                0.00
     36.90                                              0.00                0.00
     37.00                                              0.00                0.00
     37.10                                              0.00                0.00
     37.20                                              0.00                0.00
     37.30                                              0.00                0.00
     37.40                                              0.00                0.00
     37.50                                              0.00                0.00
     37.60                                              0.00                0.00
     37.70                                              0.00                0.00
     37.80                                              0.00                0.00
     37.90                                              0.00                0.00
     38.00                                              0.00                0.00
     38.10                                              0.00                0.00
     38.20                                              0.00                0.00
     38.30                                              0.00                0.00
     38.40                                              0.00                0.00
     38.50                                              0.00                0.00
     38.60                                              0.00                0.00
     38.70                                              0.00                0.00
     38.80                                              0.00                0.00
     38.90                                              0.00                0.00
     39.00                                              0.00                0.00
     39.10                                              0.00                0.00
     39.20                                              0.00                0.00
     39.30                                              0.00                0.00
     39.40                                              0.00                0.00
     39.50                                              0.00                0.00
     39.60                                              0.00                0.00
     39.70                                              0.00                0.00
     39.80                                              0.00                0.00
     39.90                                              0.00                0.00
     40.00                                              0.00                0.00
     40.10                                              0.00                0.00
     40.20                                              0.00                0.00
     40.30                                              0.00                0.00
     40.40                                              0.00                0.00
     40.50                                              0.00                0.00
     40.60                                              0.00                0.00
     40.70                                              0.00                0.00
     40.80                                              0.00                0.00
     40.90                                              0.00                0.00
     41.00                                              0.00                0.00
     41.10                                              0.00                0.00
     41.20                                              0.00                0.00
     41.30                                              0.00                0.00
     41.40                                              0.00                0.00
     41.50                                              0.00                0.00
     41.60                                              0.00                0.00
     41.70                                              0.00                0.00
     41.80                                              0.00                0.00
     41.90                                              0.00                0.00
     42.00                                              0.00                0.00
     42.10                                              0.00                0.00
     42.20                                              0.00                0.00
     42.30                                              0.00                0.00
     42.40                                              0.00                0.00
     42.50                                              0.00                0.00
     42.60                                              0.00                0.00
     42.70                                              0.00                0.00
     42.80                                              0.00                0.00
     42.90                                              0.00                0.00
     43.00                                              0.00                0.00
     43.10                                              0.00                0.00
     43.20                                              0.00                0.00
     43.30                                              0.00                0.00
     43.40                                              0.00                0.00
     43.50                                              0.00                0.00
     43.60                                              0.00                0.00
     43.70                                              0.00                0.00
     43.80                                              0.00                0.00
     43.90                                              0.00                0.00
     44.00                                              0.00                0.00
     44.10                                              0.00                0.00
     44.20                                              0.00                0.00
     44.30                                              0.00                0.00
     44.40                                              0.00                0.00
     44.50                                              0.00                0.00
     44.60                                              0.00                0.00
     44.70                                              0.00                0.00
     44.80                                              0.00                0.00
     44.90                                              0.00                0.00
     45.00                                              0.00                0.00
     45.10                                              0.00                0.00
     45.20                                              0.00                0.00
     45.30                                              0.00                0.00
     45.40                                              0.00                0.00
     45.50                                              0.00                0.00
     45.60                                              0.00                0.00
     45.70                                              0.00                0.00
     45.80                                              0.00                0.00
     45.90                                              0.00                0.00
     46.00                                              0.00                0.00
     46.10                                              0.00                0.00
     46.20                                              0.00                0.00
     46.30                                              0.00                0.00
     46.40                                              0.00                0.00
     46.50                                              0.00                0.00
     46.60                                              0.00                0.00
     46.70                                              0.00                0.00
     46.80                                              0.00                0.00
     46.90                                              0.00                0.00
     47.00                                              0.00                0.00
     47.10                                              0.00                0.00
     47.20                                              0.00                0.00
     47.30                                              0.00                0.00
     47.40                                              0.00                0.00
     47.50                                              0.00                0.00
     47.60                                              0.00                0.00
     47.70                                              0.00                0.00
     47.80                                              0.00                0.00
     47.90                                              0.00                0.00
     48.00                                              0.00                0.00
     48.10                                              0.00                0.00
     48.20                                              0.00                0.00
     48.30                                              0.00                0.00
     48.40                                              0.00                0.00
     48.50                                              0.00                0.00
     48.60                                              0.00                0.00
     48.70                                              0.00                0.00
     48.80                                              0.00                0.00
     48.90                                              0.00                0.00
     49.00                                              0.00                0.00
     49.10                                              0.00                0.00
     49.20                                              0.00                0.00
     49.30                                              0.00                0.00
     49.40                                              0.00                0.00
     49.50                                              0.00                0.00
     49.60                                              0.00                0.00
     49.70                                              0.00                0.00
     49.80                                              0.00                0.00
     49.90                                              0.00                0.00
     50.00                                              0.00                0.00
     50.10                                              0.00                0.00
     50.20                                              0.00                0.00
     50.30                                              0.00                0.00
     50.40                                              0.00                0.00
     50.50                                              0.00                0.00
     50.60                                              0.00                0.00
     50.70                                              0.00                0.00
     50.80                                              0.00                0.00
     50.90                                              0.00                0.00
     51.00                                              0.00                0.00
     51.10                                              0.00                0.00
     51.20                                              0.00                0.00
     51.30                                              0.00                0.00
     51.40                                              0.00                0.00
     51.50                                              0.00                0.00
     51.60                                              0.00                0.00
     51.70                                              0.00                0.00


 Listing of Tabular Data-Expanded Volume
     1     0.00      0.    0.10     33.    0.20     67.    0.30    100.    0.40    133.
     6     0.50    166.    0.60    200.    0.70    233.    0.80    266.    0.90    300.
    11     1.00    333.    1.10    366.    1.20    400.    1.30    433.    1.40    466.
    16     1.50    499.    1.60    533.    1.70    566.    1.80    599.    1.90    633.
    21     2.00    666.    2.10    699.    2.20    732.    2.30    766.    2.40    799.
    26     2.50    832.    2.60    866.    2.70    899.    2.80    932.    2.90    965.
    31     3.00    999.    3.10   1032.    3.20   1065.    3.30   1099.    3.40   1132.
    36     3.50   1165.    3.60   1199.    3.70   1232.    3.80   1265.    3.90   1298.
    41     4.00   1332.    4.10   1365.    4.20   1398.    4.30   1432.    4.40   1465.
    46     4.50   1498.    4.60   1531.    4.70   1565.    4.80   1598.    4.90   1631.
    51     5.00   1665.    5.10   1698.    5.20   1731.    5.30   1764.    5.40   1798.
    56     5.50   1831.    5.60   1864.    5.70   1898.    5.80   1931.    5.90   1964.
    61     6.00   1998.    6.10   2031.    6.20   2064.    6.30   2097.    6.40   2131.
    66     6.50   2164.    6.60   2197.    6.70   2231.    6.80   2264.    6.90   2297.
    71     7.00   2330.    7.10   2364.    7.20   2397.    7.30   2430.    7.40   2464.
    76     7.50   2497.    7.60   2530.    7.70   2563.    7.80   2597.    7.90   2630.
    81     8.00   2663.    8.10   2697.    8.20   2730.    8.30   2763.    8.40   2797.
    86     8.50   2830.    8.60   2863.    8.70   2896.    8.80   2930.    8.90   2963.
    91     9.00   2996.    9.10   3030.    9.20   3063.    9.30   3096.    9.40   3129.
    96     9.50   3163.    9.60   3196.    9.70   3229.    9.80   3263.    9.90   3296.
   101    10.00   3329.   10.10   3362.   10.20   3396.   10.30   3429.   10.40   3462.
   106    10.50   3496.   10.60   3529.   10.70   3562.   10.80   3596.   10.90   3629.
   111    11.00   3662.   11.10   3695.   11.20   3729.   11.30   3762.   11.40   3795.
   116    11.50   3829.   11.60   3862.   11.70   3895.   11.80   3928.   11.90   3962.
   121    12.00   3995.   12.10   4028.   12.20   4062.   12.30   4095.   12.40   4128.
   126    12.50   4161.   12.60   4195.   12.70   4228.   12.80   4261.   12.90   4295.
   131    13.00   4328.   13.10   4361.   13.20   4395.   13.30   4428.   13.40   4461.
   136    13.50   4494.   13.60   4528.   13.70   4561.   13.80   4594.   13.90   4628.
   141    14.00   4661.   14.10   4694.   14.20   4727.   14.30   4761.   14.40   4794.
   146    14.50   4827.   14.60   4861.   14.70   4894.   14.80   4927.   14.90   4960.
   151    15.00   4994.   15.10   5027.   15.20   5060.   15.30   5094.   15.40   5127.
   156    15.50   5160.   15.60   5194.   15.70   5227.   15.80   5260.   15.90   5293.
   161    16.00   5327.   16.10   5360.   16.20   5393.   16.30   5427.   16.40   5460.
   166    16.50   5493.   16.60   5526.   16.70   5560.   16.80   5593.   16.90   5626.
   171    17.00   5660.   17.10   5693.   17.20   5726.   17.30   5759.   17.40   5793.
   176    17.50   5826.   17.60   5859.   17.70   5893.   17.80   5926.   17.90   5959.
   181    18.00   5993.   18.10   6026.   18.20   6059.   18.30   6092.   18.40   6126.
   186    18.50   6159.   18.60   6192.   18.70   6226.   18.80   6259.   18.90   6292.
   191    19.00   6325.   19.10   6359.   19.20   6392.   19.30   6425.   19.40   6459.
   196    19.50   6492.   19.60   6525.   19.70   6558.   19.80   6592.   19.90   6625.
   201    20.00   6658.   20.10   6692.   20.20   6725.   20.30   6758.   20.40   6792.
   206    20.50   6825.   20.60   6858.   20.70   6891.   20.80   6925.   20.90   6958.
   211    21.00   6991.   21.10   7025.   21.20   7058.   21.30   7091.   21.40   7124.
   216    21.50   7158.   21.60   7191.   21.70   7224.   21.80   7258.   21.90   7291.
   221    22.00   7324.   22.10   7357.   22.20   7391.   22.30   7424.   22.40   7457.
   226    22.50   7491.   22.60   7524.   22.70   7557.   22.80   7591.   22.90   7624.
   231    23.00   7657.   23.10   7690.   23.20   7724.   23.30   7757.   23.40   7790.
   236    23.50   7824.   23.60   7857.   23.70   7890.   23.80   7923.   23.90   7957.
   241    24.00   7990.   24.10   8023.   24.20   8057.   24.30   8090.   24.40   8123.
   246    24.50   8156.   24.60   8190.   24.70   8223.   24.80   8256.   24.90   8290.
   251    25.00   8323.   25.10   8356.   25.20   8390.   25.30   8423.   25.40   8456.
   256    25.50   8489.   25.60   8523.   25.70   8556.   25.80   8589.   25.90   8623.
   261    26.00   8656.   26.10   8689.   26.20   8722.   26.30   8756.   26.40   8789.
   266    26.50   8822.   26.60   8856.   26.70   8889.   26.80   8922.   26.90   8955.
   271    27.00   8989.   27.10   9022.   27.20   9055.   27.30   9089.   27.40   9122.
   276    27.50   9155.   27.60   9189.   27.70   9222.   27.80   9255.   27.90   9288.
   281    28.00   9322.   28.10   9355.   28.20   9388.   28.30   9422.   28.40   9455.
   286    28.50   9488.   28.60   9521.   28.70   9555.   28.80   9588.   28.90   9621.
   291    29.00   9655.   29.10   9688.   29.20   9721.   29.30   9755.   29.40   9788.
   296    29.50   9821.   29.60   9854.   29.70   9888.   29.80   9921.   29.90   9954.
   301    30.00   9988.   30.10  10021.   30.20  10054.   30.30  10087.   30.40  10121.
   306    30.50  10154.   30.60  10187.   30.70  10221.   30.80  10254.   30.90  10287.
   311    31.00  10320.   31.10  10354.   31.20  10387.   31.30  10420.   31.40  10454.
   316    31.50  10487.   31.60  10520.   31.70  10554.   31.80  10587.   31.90  10620.
   321    32.00  10653.   32.10  10687.   32.20  10720.   32.30  10753.   32.40  10787.
   326    32.50  10820.   32.60  10853.   32.70  10886.   32.80  10920.   32.90  10953.
   331    33.00  10986.   33.10  11020.   33.20  11053.   33.30  11086.   33.40  11119.
   336    33.50  11153.   33.60  11186.   33.70  11219.   33.80  11253.   33.90  11286.
   341    34.00  11319.   34.10  11353.   34.20  11386.   34.30  11419.   34.40  11452.
   346    34.50  11486.   34.60  11519.   34.70  11552.   34.80  11586.   34.90  11619.
   351    35.00  11652.   35.10  11685.   35.20  11719.   35.30  11752.   35.40  11785.
   356    35.50  11819.   35.60  11852.   35.70  11885.   35.80  11918.   35.90  11952.
   361    36.00  11985.   36.10  12018.   36.20  12052.   36.30  12085.   36.40  12118.
   366    36.50  12152.   36.60  12185.   36.70  12218.   36.80  12251.   36.90  12285.
   371    37.00  12318.   37.10  12351.   37.20  12385.   37.30  12418.   37.40  12451.
   376    37.50  12484.   37.60  12518.   37.70  12551.   37.80  12584.   37.90  12618.
   381    38.00  12651.   38.10  12684.   38.20  12717.   38.30  12751.   38.40  12784.
   386    38.50  12817.   38.60  12851.   38.70  12884.   38.80  12917.   38.90  12951.
   391    39.00  12984.   39.10  13017.   39.20  13050.   39.30  13084.   39.40  13117.
   396    39.50  13150.   39.60  13184.   39.70  13217.   39.80  13250.   39.90  13283.
   401    40.00  13317.   40.10  13350.   40.20  13383.   40.30  13417.   40.40  13450.
   406    40.50  13483.   40.60  13516.   40.70  13550.   40.80  13583.   40.90  13616.
   411    41.00  13650.   41.10  13683.   41.20  13716.   41.30  13750.   41.40  13783.
   416    41.50  13816.   41.60  13849.   41.70  13883.   41.80  13916.   41.90  13949.
   421    42.00  13983.   42.10  14016.   42.20  14049.   42.30  14082.   42.40  14115.
   426    42.50  14148.   42.60  14181.   42.70  14332.   42.80  14513.   42.90  14694.
   431    43.00  14875.   43.10  15056.   43.20  15237.   43.30  15418.   43.40  15599.
   436    43.50  15780.   43.60  15961.   43.70  16142.   43.80  16322.   43.90  16503.
   441    44.00  16684.   44.10  16865.   44.20  17046.   44.30  17227.   44.40  17408.
   446    44.50  17589.   44.60  17770.   44.70  17951.   44.80  18132.   44.90  18313.
   451    45.00  18494.   45.10  18675.   45.20  18855.   45.30  19036.   45.40  19217.
   456    45.50  19398.   45.60  19579.   45.70  19760.   45.80  19941.   45.90  20122.
   461    46.00  20303.   46.10  20484.   46.20  20665.   46.30  20846.   46.40  21027.
   466    46.50  21208.   46.60  21388.   46.70  21569.   46.80  21750.   46.90  21931.
   471    47.00  22112.   47.10  22293.   47.20  22474.   47.30  22655.   47.40  22836.
   476    47.50  23017.   47.60  23198.   47.70  23379.   47.80  23560.   47.90  23741.
   481    48.00  23922.   48.10  24102.   48.20  24283.   48.30  24464.   48.40  24645.
   486    48.50  24826.   48.60  25007.   48.70  25188.   48.80  25369.   48.90  25550.
   491    49.00  25731.   49.10  25912.   49.20  26093.   49.30  26274.   49.40  26455.
   496    49.50  26635.   49.60  26816.   49.70  26997.   49.80  27178.   49.90  27359.
   501    50.00  27540.   50.10  27721.   50.20  27902.   50.30  28083.   50.40  28264.
   506    50.50  28445.   50.60  28626.   50.70  28807.   50.80  28988.   50.90  29168.
   511    51.00  29349.   51.10  29530.   51.20  29711.   51.30  29892.   51.40  30073.
   516    51.50  30254.   51.60  30435.   51.70  30616.


End of Run
