Windows Dam Analysis Program                    Execution Date-06/08/2023
 Program Date-10/06/2022        Version Date-1.1.13              Time-15:11:40

 Listing of Input Data-          IE Models Eval - BigBay                           
 WINDAM    10/06/2022IE Models Eval - BigBay                                     
 OPTION    SIMPLE    BARESOIL  NOPS      INTERNAL                                
 IEMODEL   2         11.20416  152.55    229       0                             
 HYD                 0.1       0         0C                                      
                     0         0         0         0         0                   
                     0         0         0         0         0                   
                     0         0         0         0         0                   
                     0         0         0         0         0                   
                     0         0         0         0         0                   
                     0         0         0         0         0                   
                     0         0         0         0         0                   
                     0         0         0         0         0                   
                     0         0         0         0         0                   
                     0         0         0         0         0                   
                     0         0         0         0         0                   
                     0         0         0         0         0                   
                     0         0         0         0         0                   
                     0         0         0         0         0                   
                     0         0         0         0         0                   
                     0         0         0         0         0                   
                     0         0         0         0         0                   
                     0         0         0         0         0                   
                     0         0         0         0         0                   
                     0         0         0         0         0                   
                     0         0         0         0         0                   
                     0         0         0         0         0                   
                     0         0         0         0         0                   
                     0         0         0         0         0                   
                     0         0         0         0         0                   
                     0         0         0         0         0                   
                     0         0         0         0         0                   
                     0         0         0         0         0                   
                     0         0         0         0         0                   
                     0         0         0         0         0                   
                     0         0         0         0         0                   
                     0         0         0         0         0                   
                     0         0         0         0         0                   
                     0         0         0         0         0                   
                     0         0         0         0         0                   
                     0         0         0         0         0                   
                     0         0         0         0         0                   
                     0         0         0         0         0                   
                     0         0         0         0         0                   
                     0         0         0         0         0                   
                     0         0         0         0         0                   
                     0         0         0         0         0                   
                     0         0         0         0         0                   
                     0         0         0         0         0                   
                     0         0         0         0         0                   
                     0         0         0         0         0                   
                     0         0         0         0         0                   
                     0         0         0         0         0                   
                     0         0         0         0         0                   
                     0         0         0         0         0                   
                     0         0         0         0         0                   
                     0         0         0         0         0                   
                     0         0         0         0         0                   
                     0         0         0         0         0                   
                     0         0         0         0         0                   
                     0         0         0         0         0                   
                     0         0         0         0         0                   
                     0         0         0         0         0                   
                     0         0         0         0         0                   
                     0         0         0         0         0                   
                     0         0         0         0         0                   
                     0         0         0         0         0                   
                     0         0         0         0         0                   
                     0         0         0         0         0                   
                     0         0         0         0         0                   
                     0         0         0         0         0                   
                     0         0         0         0         0                   
                     0         0         0         0         0                   
                     0                                                           
 ENDTABLE                                                                        
 CRESTPRFL                                                                       
           0         3.937008                                                    
           31.988    3.937008                                                    
 ENDTABLE                                                                        
 STROUTE   3.291     0         ELEV                                              
 STRUCTURE BigBay                                                                
                     0                   0                                       
                     0.361               0.061                                   
                     0.591               0.115                                   
                     1.116               0.235                                   
                     1.608               0.366                                   
                     2.100               0.505                                   
                     2.592               0.649                                   
                     3.084               0.799                                   
                     3.347               0.876                                   
                     3.511               0.923                                   
                     4.003               1.080                                   
 ENDTABLE                                                                        
 UPSTREAM  3         0.016                                                       
 DAMCREST  5.8398952 0.016                                                       
 DWNSTREAM 3         0.016                                                       
 CONDUIT   0.131     0.131     0.656168  3.248                                   
 TAILWATER                                                                       
 ENDTABLE                                                                        
 OUTPUT    ALL                                                                   
 ENDRUN                                                                          
----------------------------------------------------------------------------------------
Windows Dam Analysis Program     Execution Date - 06/08/2023
Program Date - 10/06/2022        Version Number - 1.1.13          Time - 15:11:40
Input File - ARSP1.WDC                                                                                                                                                                                                                                                       
----------------------------------------------------------------------------------------
********** Elevation Summary 1 *********************************************************
Dam Base Elevation:                               0.00 feet
Max Tailwater Elevation:                          0.00 feet
Prin Spwy Crest Elevation:                       N/A
Start Routing Elevation:                          3.29 feet
Aux Spwy # 1 Crest Elevation:                     none
Aux Spwy # 2 Crest Elevation:                     none
Aux Spwy # 3 Crest Elevation:                     none
Max Pool Elevation:                               3.29 feet
Initial Low Point in Dam Crest:                   3.94 feet
Ending Low Point in Dam Crest:                    3.94 feet
****************************************************************************************


********** Flow Summary 2 **************************************************************
Peak Inflow:                                      0.00 cfs @        0.0 hours
Peak Outflow:                                   103.09 cfs @        0.1 hours
Max Flow Principal Spwy:                          0.00 cfs @        0.0 hours
Max Flow Aux Spwy # 1:                            none
Max Flow Aux Spwy # 2:                            none
Max Flow Aux Spwy # 3:                            none
Maximum flow over top of dam:                     0.00 cfs @        0.0 hours
Duration of dam overtopping:                                        0.0 hours
Max unit discharge, low point or breach:         13.63 cfs/ft
Maximum internal erosion conduit flow:          103.09 cfs
****************************************************************************************


********** Spillways Summary 3 *********************************************************
Principal Spillway Type:                         N/A
Principal Spillway Crest Elev:                   N/A
Conduit Diameter:                                N/A
Conduit Width x Height:                          N/A
Conduit Manning's n value:                       N/A
----------------------------------------------------------------------------------------
Aux Spwy #1 Label:                                    none
Aux Spwy #1 Crest Elev:                               none
Aux Spwy #1 Bottom Width:                             none
Aux Spwy #1 Max Flow:                                 none
Aux Spwy #1 Max Hp:                                   none
Aux Spwy #1 Erosion Analysis:                         none
----------------------------------------------------------------------------------------
Aux Spwy #2 Label:                                    none
Aux Spwy #2 Crest Elev:                               none
Aux Spwy #2 Bottom Width:                             none
Aux Spwy #2 Max Flow:                                 none
Aux Spwy #2 Max Hp:                                   none
Aux Spwy #2 Erosion Analysis:                         none
----------------------------------------------------------------------------------------
Aux Spwy #3 Label:                                    none
Aux Spwy #3 Crest Elev:                               none
Aux Spwy #3 Bottom Width:                             none
Aux Spwy #3 Max Flow:                                 none
Aux Spwy #3 Max Hp:                                   none
Aux Spwy #3 Erosion Analysis:                         none
****************************************************************************************


********** Overtopping Summary Table 4 *************************************************


     <<<<<<  Overtopping did not occur for this embankment.               >>>>>>


****************************************************************************************


********** Internal Erosion Summary Table 5 ********************************************
Dam Breach Analysis type:                                       Internal Erosion
Initial Conduit Elevation:                                  0.66 feet
Initial Conduit Station:                                    3.25 feet
Initial Conduit Width:                                      0.13 feet
Initial Conduit Height:                                     0.13 feet
Max. Internal Erosion conduit flow:                        103.09 cfs @        0.1 hours
Initial Low Point in Dam Crest Profile:                     3.94 feet
Maximum Pool Elevation:                                     3.29 feet @        0.0 hours
Ending Low Point in Dam Crest Profile:                      3.94 feet @        0.0 hours
****************************************************************************************


********** Drawdown Summary Table 6 ****************************************************


     <<<<<<  Drawdown calculation was not an option for this embankment.  >>>>>>


****************************************************************************************


No stress occurred on embankment face.



                                                   Hydrograph ID=          

                                                      Hydrograph Routing
                     Principal Auxiliary Auxiliary Auxiliary            Internal           Reservoir
                     Spillway                                  OverTop   Erosion     Total   Surface Tailwater
      Time    Inflow   Outflow   Outflow   Outflow   Outflow   Outflow   Outflow   Outflow Elevation Elevation
     (hrs)     (cfs)     (cfs)     (cfs)     (cfs)     (cfs)     (cfs)     (cfs)     (cfs)    (feet)    (feet)
       0.0      0.00      0.00                                    0.00      0.04      0.04      3.29      0.00           @
       0.0      0.00      0.00                                    0.00     19.82     19.82      3.22      0.00           @
       0.1      0.00      0.00                                    0.00    103.09    103.09      2.80      0.00           @
       0.1      0.00      0.00                                    0.00     83.62     83.62      2.15      0.00           @
       0.1      0.00      0.00                                    0.00     61.25     61.25      1.62      0.00            
       0.2      0.00      0.00                                    0.00      9.35      9.35      0.43      0.00            
       0.3      0.00      0.00                                    0.00      2.03      2.03      0.18      0.00            
       0.4      0.00      0.00                                    0.00      0.81      0.81      0.11      0.00            
       0.5      0.00      0.00                                    0.00      0.43      0.43      0.08      0.00            
       0.6      0.00      0.00                                    0.00      0.27      0.27      0.07      0.00            
       0.7      0.00      0.00                                    0.00      0.18      0.18      0.05      0.00            
       0.8      0.00      0.00                                    0.00      0.13      0.13      0.05      0.00            

     @ = Time step has been subdivided for more accurate calculations.



                          Spillway and Overtop Discharge Rating

 Elevation                                           OverTop             TW Elev
      0.00                                              0.00                0.00
      0.10                                              0.00                0.00
      0.20                                              0.00                0.00
      0.30                                              0.00                0.00
      0.40                                              0.00                0.00
      0.50                                              0.00                0.00
      0.60                                              0.00                0.00
      0.70                                              0.00                0.00
      0.80                                              0.00                0.00
      0.90                                              0.00                0.00
      1.00                                              0.00                0.00
      1.10                                              0.00                0.00
      1.20                                              0.00                0.00
      1.30                                              0.00                0.00
      1.40                                              0.00                0.00
      1.50                                              0.00                0.00
      1.60                                              0.00                0.00
      1.70                                              0.00                0.00
      1.80                                              0.00                0.00
      1.90                                              0.00                0.00
      2.00                                              0.00                0.00
      2.10                                              0.00                0.00
      2.20                                              0.00                0.00
      2.30                                              0.00                0.00
      2.40                                              0.00                0.00
      2.50                                              0.00                0.00
      2.60                                              0.00                0.00
      2.70                                              0.00                0.00
      2.80                                              0.00                0.00
      2.90                                              0.00                0.00
      3.00                                              0.00                0.00
      3.10                                              0.00                0.00
      3.20                                              0.00                0.00
      3.30                                              0.00                0.00
      3.40                                              0.00                0.00
      3.50                                              0.00                0.00
      3.60                                              0.00                0.00
      3.70                                              0.00                0.00
      3.80                                              0.00                0.00
      3.90                                              0.00                0.00
      4.00                                              1.00                0.00
      4.10                                              5.34                0.00
      4.20                                             11.76                0.00
      4.30                                             19.73                0.00
      4.40                                             28.99                0.00
      4.50                                             39.39                0.00
      4.60                                             50.81                0.00
      4.70                                             63.15                0.00
      4.80                                             76.34                0.00
      4.90                                             90.41                0.00
      5.00                                            105.21                0.00
      5.10                                            120.69                0.00
      5.20                                            136.89                0.00
      5.30                                            153.76                0.00
      5.40                                            171.24                0.00
      5.50                                            189.37                0.00
      5.60                                            208.10                0.00
      5.70                                            227.38                0.00
      5.80                                            247.20                0.00
      5.90                                            267.62                0.00
      6.00                                            288.51                0.00
      6.10                                            309.99                0.00
      6.20                                            331.95                0.00
      6.30                                            354.35                0.00
      6.40                                            377.28                0.00
      6.50                                            400.72                0.00
      6.60                                            424.55                0.00
      6.70                                            448.87                0.00
      6.80                                            473.66                0.00
      6.90                                            498.89                0.00
      7.00                                            524.51                0.00
      7.10                                            550.63                0.00
      7.20                                            577.11                0.00
      7.30                                            603.99                0.00
      7.40                                            631.29                0.00
      7.50                                            659.01                0.00
      7.60                                            687.12                0.00
      7.70                                            715.60                0.00
      7.80                                            744.51                0.00
      7.90                                            773.70                0.00
      8.00                                            803.38                0.00
      8.10                                            833.29                0.00
      8.20                                            863.72                0.00
      8.30                                            894.38                0.00
      8.40                                            925.50                0.00
      8.50                                            956.94                0.00
      8.60                                            988.64                0.00
      8.70                                           1020.76                0.00
      8.80                                           1053.24                0.00
      8.90                                           1086.03                0.00
      9.00                                           1119.13                0.00
      9.10                                           1152.57                0.00


 Listing of Tabular Data-Expanded Volume
     1     0.00    0.00    0.10    0.02    0.20    0.03    0.30    0.05    0.40    0.07
     6     0.50    0.09    0.60    0.12    0.70    0.14    0.80    0.16    0.90    0.19
    11     1.00    0.21    1.10    0.23    1.20    0.26    1.30    0.28    1.40    0.31
    16     1.50    0.34    1.60    0.36    1.70    0.39    1.80    0.42    1.90    0.45
    21     2.00    0.48    2.10    0.51    2.20    0.53    2.30    0.56    2.40    0.59
    26     2.50    0.62    2.60    0.65    2.70    0.68    2.80    0.71    2.90    0.74
    31     3.00    0.77    3.10    0.80    3.20    0.83    3.30    0.86    3.40    0.89
    36     3.50    0.92    3.60    0.95    3.70    0.98    3.80    1.02    3.90    1.05
    41     4.00    1.08    4.10    1.11    4.20    1.14    4.30    1.17    4.40    1.21
    46     4.50    1.24    4.60    1.27    4.70    1.30    4.80    1.33    4.90    1.37
    51     5.00    1.40    5.10    1.43    5.20    1.46    5.30    1.49    5.40    1.53
    56     5.50    1.56    5.60    1.59    5.70    1.62    5.80    1.65    5.90    1.69
    61     6.00    1.72    6.10    1.75    6.20    1.78    6.30    1.81    6.40    1.84
    66     6.50    1.88    6.60    1.91    6.70    1.94    6.80    1.97    6.90    2.00
    71     7.00    2.04    7.10    2.07    7.20    2.10    7.30    2.13    7.40    2.16
    76     7.50    2.20    7.60    2.23    7.70    2.26    7.80    2.29    7.90    2.32
    81     8.00    2.36    8.10    2.39    8.20    2.42    8.30    2.45    8.40    2.48
    86     8.50    2.52    8.60    2.55    8.70    2.58    8.80    2.61    8.90    2.64
    91     9.00    2.67    9.10    2.71


End of Run
